Using pre-set license
Built from '2020.3/staging' branch; Version is '2020.3.5f1 (8095aa901b9b) revision 8426922'; Using compiler version '192528614'; Build Type 'Release'
OS: 'Windows 10 Home Single Language; OS build 19042.1165; Version 2009; 64bit' Language: 'pt' Physical Memory: 12167 MB
BatchMode: 1, IsHumanControllingUs: 0, StartBugReporterOnCrash: 0, Is64bit: 1, IsPro: 0

 COMMAND LINE ARGUMENTS:
D:\2020.3.5f1\Editor\Unity.exe
-adb2
-batchMode
-noUpm
-name
AssetImportWorker0
-projectPath
C:/Unity Games/DrOG
-logFile
Logs/AssetImportWorker0.log
-srvPort
56148
Successfully changed project path to: C:/Unity Games/DrOG
C:/Unity Games/DrOG
Using Asset Import Pipeline V2.
Refreshing native plugins compatible for Editor in 45.71 ms, found 1 plugins.
Preloading 0 native plugins for Editor in 0.00 ms.
Initialize engine version: 2020.3.5f1 (8095aa901b9b)
[Subsystems] Discovering subsystems at path D:/2020.3.5f1/Editor/Data/Resources/UnitySubsystems
[Subsystems] Discovering subsystems at path C:/Unity Games/DrOG/Assets
GfxDevice: creating device client; threaded=0
Direct3D:
    Version:  Direct3D 11.0 [level 11.1]
    Renderer: Intel(R) UHD Graphics 620 (ID=0x3ea0)
    Vendor:   
    VRAM:     6083 MB
    Driver:   27.20.100.8729
Initialize mono
Mono path[0] = 'D:/2020.3.5f1/Editor/Data/Managed'
Mono path[1] = 'D:/2020.3.5f1/Editor/Data/MonoBleedingEdge/lib/mono/unityjit'
Mono config path = 'D:/2020.3.5f1/Editor/Data/MonoBleedingEdge/etc'
Using monoOptions --debugger-agent=transport=dt_socket,embedding=1,server=y,suspend=n,address=127.0.0.1:56592
Begin MonoManager ReloadAssembly
Registering precompiled unity dll's ...
Register platform support module: D:/2020.3.5f1/Editor/Data/PlaybackEngines/WindowsStandaloneSupport/UnityEditor.WindowsStandalone.Extensions.dll
Registered in 0.001106 seconds.
Native extension for WindowsStandalone target not found
Refreshing native plugins compatible for Editor in 43.30 ms, found 1 plugins.
Preloading 0 native plugins for Editor in 0.00 ms.
Mono: successfully reloaded assembly
- Completed reload, in  1.481 seconds
Platform modules already initialized, skipping
Registering precompiled user dll's ...
Registered in 0.001113 seconds.
Begin MonoManager ReloadAssembly
Native extension for WindowsStandalone target not found
Refreshing native plugins compatible for Editor in 45.85 ms, found 1 plugins.
Preloading 0 native plugins for Editor in 0.00 ms.
Mono: successfully reloaded assembly
- Completed reload, in  1.011 seconds
Platform modules already initialized, skipping
========================================================================
Worker process is ready to serve import requests
Launched and connected shader compiler UnityShaderCompiler.exe after 0.35 seconds
Refreshing native plugins compatible for Editor in 0.38 ms, found 1 plugins.
Preloading 0 native plugins for Editor in 0.00 ms.
Unloading 1981 Unused Serialized files (Serialized files now loaded: 0)
System memory in use before: 97.1 MB.
System memory in use after: 97.0 MB.

Unloading 24 unused Assets to reduce memory usage. Loaded Objects now: 2427.
Total: 2.742800 ms (FindLiveObjects: 0.193200 ms CreateObjectMapping: 0.073500 ms MarkObjects: 2.318500 ms  DeleteObjects: 0.156800 ms)

========================================================================
Received Import Request.
  path: Assets/Scripts/Camera/CameraManager.cs
  artifactKey: Guid(46cb00ecb3a841c4a82277df88cebb0e) Importer(815301076,1909f56bfc062723c751e8b465ee728b)
Start importing Assets/Scripts/Camera/CameraManager.cs using Guid(46cb00ecb3a841c4a82277df88cebb0e) Importer(815301076,1909f56bfc062723c751e8b465ee728b)  -> (artifact id: 'a92ca828c633c21b6636355da2553e13') in 0.072923 seconds
  Import took 0.076266 seconds .

========================================================================
Received Import Request.
  Time since last request: 0.000360 seconds.
  path: Assets/Resources/Prefabs/Camera/CameraManager.prefab
  artifactKey: Guid(9c01a2ee0be282b438458b1c72d73a54) Importer(815301076,1909f56bfc062723c751e8b465ee728b)
Start importing Assets/Resources/Prefabs/Camera/CameraManager.prefab using Guid(9c01a2ee0be282b438458b1c72d73a54) Importer(815301076,1909f56bfc062723c751e8b465ee728b)  -> (artifact id: '176abd947180219021311e62298f6615') in 0.069473 seconds
  Import took 0.074683 seconds .

========================================================================
Received Import Request.
  Time since last request: 6.444464 seconds.
  path: Assets/Resources/Prefabs/Camera/CameraManager.prefab
  artifactKey: Guid(9c01a2ee0be282b438458b1c72d73a54) Importer(815301076,1909f56bfc062723c751e8b465ee728b)
Start importing Assets/Resources/Prefabs/Camera/CameraManager.prefab using Guid(9c01a2ee0be282b438458b1c72d73a54) Importer(815301076,1909f56bfc062723c751e8b465ee728b)  -> (artifact id: 'ad7461d023fb03b63acfc9842ac5a463') in 0.035816 seconds
  Import took 0.041571 seconds .

========================================================================
Received Import Request.
  Time since last request: 40.768338 seconds.
  path: Assets/Scenes/Levels/FirstLevel.unity
  artifactKey: Guid(7cca091913aeb7744bc2d818805787fb) Importer(815301076,1909f56bfc062723c751e8b465ee728b)
Start importing Assets/Scenes/Levels/FirstLevel.unity using Guid(7cca091913aeb7744bc2d818805787fb) Importer(815301076,1909f56bfc062723c751e8b465ee728b)  -> (artifact id: 'fb7c52ee83b3f4197aad85424096e78c') in 0.010019 seconds
  Import took 0.014063 seconds .

========================================================================
Received Import Request.
  Time since last request: 1.966773 seconds.
  path: Assets/Scenes/Levels/SecondLevel.unity
  artifactKey: Guid(fb3ac414e321cc34dabeb624a04766dc) Importer(815301076,1909f56bfc062723c751e8b465ee728b)
Start importing Assets/Scenes/Levels/SecondLevel.unity using Guid(fb3ac414e321cc34dabeb624a04766dc) Importer(815301076,1909f56bfc062723c751e8b465ee728b)  -> (artifact id: 'eb5b909d4ea99c9475edcc4fc4010f76') in 0.007983 seconds
  Import took 0.012420 seconds .

========================================================================
Received Import Request.
  Time since last request: 10.485190 seconds.
  path: Assets/Scenes/Levels/ThirdLevel.unity
  artifactKey: Guid(0687f94245f2b834987d869626d549ae) Importer(815301076,1909f56bfc062723c751e8b465ee728b)
Start importing Assets/Scenes/Levels/ThirdLevel.unity using Guid(0687f94245f2b834987d869626d549ae) Importer(815301076,1909f56bfc062723c751e8b465ee728b)  -> (artifact id: '860152e00c2faeac11da40639c7b78dd') in 0.007773 seconds
  Import took 0.011179 seconds .

========================================================================
Received Import Request.
  Time since last request: 4.713746 seconds.
  path: Assets/Scenes/Levels/ThirdOneLevel.unity
  artifactKey: Guid(a5b356737a4d46f408354a959ce4d2fd) Importer(815301076,1909f56bfc062723c751e8b465ee728b)
Start importing Assets/Scenes/Levels/ThirdOneLevel.unity using Guid(a5b356737a4d46f408354a959ce4d2fd) Importer(815301076,1909f56bfc062723c751e8b465ee728b)  -> (artifact id: '9e910938bf3e7359d6c2c68115d81b98') in 0.007935 seconds
  Import took 0.011874 seconds .

========================================================================
Received Import Request.
  Time since last request: 50.244659 seconds.
  path: Assets/Scripts/Views/Dialogue/DialogueHud.cs
  artifactKey: Guid(11f9747520f890943a70e75bc0a283af) Importer(815301076,1909f56bfc062723c751e8b465ee728b)
Start importing Assets/Scripts/Views/Dialogue/DialogueHud.cs using Guid(11f9747520f890943a70e75bc0a283af) Importer(815301076,1909f56bfc062723c751e8b465ee728b)  -> (artifact id: '361c50b49eb7dc449399cb248be4ab05') in 0.044391 seconds
  Import took 0.048005 seconds .

========================================================================
Received Import Request.
  Time since last request: 0.340967 seconds.
  path: Assets/Scripts/Views/Dialogue/DialogueHud.cs
  artifactKey: Guid(11f9747520f890943a70e75bc0a283af) Importer(815301076,1909f56bfc062723c751e8b465ee728b)
Start importing Assets/Scripts/Views/Dialogue/DialogueHud.cs using Guid(11f9747520f890943a70e75bc0a283af) Importer(815301076,1909f56bfc062723c751e8b465ee728b)  -> (artifact id: '361c50b49eb7dc449399cb248be4ab05') in 0.003191 seconds
  Import took 0.007185 seconds .

========================================================================
Received Prepare
Registering precompiled user dll's ...
Registered in 0.001075 seconds.
Begin MonoManager ReloadAssembly
Native extension for WindowsStandalone target not found
Refreshing native plugins compatible for Editor in 0.38 ms, found 1 plugins.
Preloading 0 native plugins for Editor in 0.00 ms.
Mono: successfully reloaded assembly
- Completed reload, in  0.913 seconds
Platform modules already initialized, skipping
Refreshing native plugins compatible for Editor in 0.42 ms, found 1 plugins.
Preloading 0 native plugins for Editor in 0.00 ms.
Unloading 1935 Unused Serialized files (Serialized files now loaded: 0)
System memory in use before: 93.3 MB.
System memory in use after: 93.2 MB.

Unloading 12 unused Assets to reduce memory usage. Loaded Objects now: 2431.
Total: 2.469300 ms (FindLiveObjects: 0.303000 ms CreateObjectMapping: 0.096400 ms MarkObjects: 1.953400 ms  DeleteObjects: 0.115000 ms)

========================================================================
Received Import Request.
  Time since last request: 108.534485 seconds.
  path: Assets/Scripts/Views/Dialogue/DialogueHud.cs
  artifactKey: Guid(11f9747520f890943a70e75bc0a283af) Importer(815301076,1909f56bfc062723c751e8b465ee728b)
Start importing Assets/Scripts/Views/Dialogue/DialogueHud.cs using Guid(11f9747520f890943a70e75bc0a283af) Importer(815301076,1909f56bfc062723c751e8b465ee728b)  -> (artifact id: '73d31784ad00a60a4f7e83fb83bdc591') in 0.005210 seconds
  Import took 0.008487 seconds .

========================================================================
Received Import Request.
  Time since last request: 24.245265 seconds.
  path: Assets/Scripts/Bullets/Bullet.cs
  artifactKey: Guid(b0227b77c01ee704e89e0c7707664558) Importer(815301076,1909f56bfc062723c751e8b465ee728b)
Start importing Assets/Scripts/Bullets/Bullet.cs using Guid(b0227b77c01ee704e89e0c7707664558) Importer(815301076,1909f56bfc062723c751e8b465ee728b)  -> (artifact id: 'ee3cbc5ca7899bc9a33266480cf68990') in 0.008143 seconds
  Import took 0.012171 seconds .

========================================================================
Received Import Request.
  Time since last request: 0.003720 seconds.
  path: Assets/Scripts/Bullets/Bullet.cs
  artifactKey: Guid(b0227b77c01ee704e89e0c7707664558) Importer(815301076,1909f56bfc062723c751e8b465ee728b)
Start importing Assets/Scripts/Bullets/Bullet.cs using Guid(b0227b77c01ee704e89e0c7707664558) Importer(815301076,1909f56bfc062723c751e8b465ee728b)  -> (artifact id: 'ee3cbc5ca7899bc9a33266480cf68990') in 0.003038 seconds
  Import took 0.007756 seconds .

========================================================================
Received Import Request.
  Time since last request: 37.343611 seconds.
  path: Assets/Scripts/Entity/Entity.cs
  artifactKey: Guid(5a888b137926d9444993c5f9a568cacf) Importer(815301076,1909f56bfc062723c751e8b465ee728b)
Start importing Assets/Scripts/Entity/Entity.cs using Guid(5a888b137926d9444993c5f9a568cacf) Importer(815301076,1909f56bfc062723c751e8b465ee728b)  -> (artifact id: '670e27b8d045ffc88ee7c04f43db1d24') in 0.007086 seconds
  Import took 0.010837 seconds .

========================================================================
Received Import Request.
  Time since last request: 4.368098 seconds.
  path: Assets/Scripts/Player/Player.cs
  artifactKey: Guid(3a4cd17abaf33674cafea248006435a3) Importer(815301076,1909f56bfc062723c751e8b465ee728b)
Start importing Assets/Scripts/Player/Player.cs using Guid(3a4cd17abaf33674cafea248006435a3) Importer(815301076,1909f56bfc062723c751e8b465ee728b)  -> (artifact id: '95c366011996f4822d35d7a4008b480c') in 0.043802 seconds
  Import took 0.047572 seconds .

========================================================================
Received Prepare
Registering precompiled user dll's ...
Registered in 0.001883 seconds.
Begin MonoManager ReloadAssembly
Native extension for WindowsStandalone target not found
Refreshing native plugins compatible for Editor in 0.39 ms, found 1 plugins.
Preloading 0 native plugins for Editor in 0.00 ms.
Mono: successfully reloaded assembly
- Completed reload, in  0.930 seconds
Platform modules already initialized, skipping
Refreshing native plugins compatible for Editor in 0.38 ms, found 1 plugins.
Preloading 0 native plugins for Editor in 0.00 ms.
Unloading 1935 Unused Serialized files (Serialized files now loaded: 0)
System memory in use before: 93.3 MB.
System memory in use after: 93.3 MB.

Unloading 12 unused Assets to reduce memory usage. Loaded Objects now: 2435.
Total: 2.790900 ms (FindLiveObjects: 0.468400 ms CreateObjectMapping: 0.117400 ms MarkObjects: 2.099200 ms  DeleteObjects: 0.104800 ms)

========================================================================
Received Prepare
Registering precompiled user dll's ...
Registered in 0.001808 seconds.
Begin MonoManager ReloadAssembly
Native extension for WindowsStandalone target not found
Refreshing native plugins compatible for Editor in 0.38 ms, found 1 plugins.
Preloading 0 native plugins for Editor in 0.00 ms.
Mono: successfully reloaded assembly
- Completed reload, in  0.878 seconds
Platform modules already initialized, skipping
Refreshing native plugins compatible for Editor in 0.42 ms, found 1 plugins.
Preloading 0 native plugins for Editor in 0.00 ms.
Unloading 1935 Unused Serialized files (Serialized files now loaded: 0)
System memory in use before: 93.3 MB.
System memory in use after: 93.3 MB.

Unloading 12 unused Assets to reduce memory usage. Loaded Objects now: 2439.
Total: 2.646700 ms (FindLiveObjects: 0.338200 ms CreateObjectMapping: 0.157200 ms MarkObjects: 2.046400 ms  DeleteObjects: 0.103800 ms)

========================================================================
Received Import Request.
  Time since last request: 181.857531 seconds.
  path: Assets/Scenes/Levels/FirstLevel.unity
  artifactKey: Guid(7cca091913aeb7744bc2d818805787fb) Importer(815301076,1909f56bfc062723c751e8b465ee728b)
Start importing Assets/Scenes/Levels/FirstLevel.unity using Guid(7cca091913aeb7744bc2d818805787fb) Importer(815301076,1909f56bfc062723c751e8b465ee728b)  -> (artifact id: '46979aa1895dfca36cf7256a47384f94') in 0.012353 seconds
  Import took 0.015864 seconds .

========================================================================
Received Import Request.
  Time since last request: 10.210818 seconds.
  path: Assets/Resources/Prefabs/Entitys/Entity.prefab
  artifactKey: Guid(9b4c636d808212344a446df729e11794) Importer(815301076,1909f56bfc062723c751e8b465ee728b)
Start importing Assets/Resources/Prefabs/Entitys/Entity.prefab using Guid(9b4c636d808212344a446df729e11794) Importer(815301076,1909f56bfc062723c751e8b465ee728b)  -> (artifact id: 'fe616165f13d297d0e525be7b28c6780') in 0.073273 seconds
  Import took 0.076696 seconds .

========================================================================
Received Import Request.
  Time since last request: 6.507318 seconds.
  path: Assets/Resources/Prefabs/Entitys/Entity.prefab
  artifactKey: Guid(9b4c636d808212344a446df729e11794) Importer(815301076,1909f56bfc062723c751e8b465ee728b)
Start importing Assets/Resources/Prefabs/Entitys/Entity.prefab using Guid(9b4c636d808212344a446df729e11794) Importer(815301076,1909f56bfc062723c751e8b465ee728b)  -> (artifact id: '73ed9cccacb6d8724985dc4965c4b573') in 0.013199 seconds
  Import took 0.017187 seconds .

========================================================================
Received Import Request.
  Time since last request: 13.152599 seconds.
  path: Assets/Resources/Prefabs/Views/DialogueHud.prefab
  artifactKey: Guid(65f4ff4b1c4272646a0cca23900d22a9) Importer(815301076,1909f56bfc062723c751e8b465ee728b)
Start importing Assets/Resources/Prefabs/Views/DialogueHud.prefab using Guid(65f4ff4b1c4272646a0cca23900d22a9) Importer(815301076,1909f56bfc062723c751e8b465ee728b)  -> (artifact id: 'de96cb4cc96708f6ef5980cf4f13e85a') in 0.080085 seconds
  Import took 0.084911 seconds .

========================================================================
Received Prepare
Registering precompiled user dll's ...
Registered in 0.001333 seconds.
Begin MonoManager ReloadAssembly
Native extension for WindowsStandalone target not found
Refreshing native plugins compatible for Editor in 0.50 ms, found 1 plugins.
Preloading 0 native plugins for Editor in 0.00 ms.
Mono: successfully reloaded assembly
- Completed reload, in  1.150 seconds
Platform modules already initialized, skipping
Refreshing native plugins compatible for Editor in 0.42 ms, found 1 plugins.
Preloading 0 native plugins for Editor in 0.00 ms.
Unloading 1935 Unused Serialized files (Serialized files now loaded: 0)
System memory in use before: 96.3 MB.
System memory in use after: 96.3 MB.

Unloading 12 unused Assets to reduce memory usage. Loaded Objects now: 2450.
Total: 2.641900 ms (FindLiveObjects: 0.198200 ms CreateObjectMapping: 0.080900 ms MarkObjects: 2.241900 ms  DeleteObjects: 0.119700 ms)

========================================================================
Received Prepare
Registering precompiled user dll's ...
Registered in 0.001136 seconds.
Begin MonoManager ReloadAssembly
Native extension for WindowsStandalone target not found
Refreshing native plugins compatible for Editor in 0.39 ms, found 1 plugins.
Preloading 0 native plugins for Editor in 0.00 ms.
Mono: successfully reloaded assembly
- Completed reload, in  0.913 seconds
Platform modules already initialized, skipping
Refreshing native plugins compatible for Editor in 0.37 ms, found 1 plugins.
Preloading 0 native plugins for Editor in 0.00 ms.
Unloading 1935 Unused Serialized files (Serialized files now loaded: 0)
System memory in use before: 96.3 MB.
System memory in use after: 96.3 MB.

Unloading 12 unused Assets to reduce memory usage. Loaded Objects now: 2454.
Total: 2.648100 ms (FindLiveObjects: 0.417300 ms CreateObjectMapping: 0.073000 ms MarkObjects: 2.053700 ms  DeleteObjects: 0.103100 ms)

========================================================================
Received Prepare
Registering precompiled user dll's ...
Registered in 0.001092 seconds.
Begin MonoManager ReloadAssembly
Native extension for WindowsStandalone target not found
Refreshing native plugins compatible for Editor in 0.42 ms, found 1 plugins.
Preloading 0 native plugins for Editor in 0.00 ms.
Mono: successfully reloaded assembly
- Completed reload, in  0.896 seconds
Platform modules already initialized, skipping
Refreshing native plugins compatible for Editor in 0.41 ms, found 1 plugins.
Preloading 0 native plugins for Editor in 0.00 ms.
Unloading 1935 Unused Serialized files (Serialized files now loaded: 0)
System memory in use before: 96.3 MB.
System memory in use after: 96.3 MB.

Unloading 12 unused Assets to reduce memory usage. Loaded Objects now: 2458.
Total: 2.787200 ms (FindLiveObjects: 0.204700 ms CreateObjectMapping: 0.083600 ms MarkObjects: 2.374200 ms  DeleteObjects: 0.123300 ms)

========================================================================
Received Prepare
Registering precompiled user dll's ...
Registered in 0.001171 seconds.
Begin MonoManager ReloadAssembly
Native extension for WindowsStandalone target not found
Refreshing native plugins compatible for Editor in 0.39 ms, found 1 plugins.
Preloading 0 native plugins for Editor in 0.00 ms.
Mono: successfully reloaded assembly
- Completed reload, in  0.906 seconds
Platform modules already initialized, skipping
Refreshing native plugins compatible for Editor in 0.41 ms, found 1 plugins.
Preloading 0 native plugins for Editor in 0.00 ms.
Unloading 1935 Unused Serialized files (Serialized files now loaded: 0)
System memory in use before: 96.3 MB.
System memory in use after: 96.3 MB.

Unloading 12 unused Assets to reduce memory usage. Loaded Objects now: 2462.
Total: 2.904600 ms (FindLiveObjects: 0.473100 ms CreateObjectMapping: 0.212600 ms MarkObjects: 1.974700 ms  DeleteObjects: 0.243100 ms)

========================================================================
Received Import Request.
  Time since last request: 348.353359 seconds.
  path: Assets/Scripts/Views/Dialogue/DialogueHud.cs
  artifactKey: Guid(11f9747520f890943a70e75bc0a283af) Importer(815301076,1909f56bfc062723c751e8b465ee728b)
Start importing Assets/Scripts/Views/Dialogue/DialogueHud.cs using Guid(11f9747520f890943a70e75bc0a283af) Importer(815301076,1909f56bfc062723c751e8b465ee728b)  -> (artifact id: 'c44acccfb9a6280219e7e85cbc3423de') in 0.005060 seconds
  Import took 0.008507 seconds .

========================================================================
Received Import Request.
  Time since last request: 1.491799 seconds.
  path: Assets/Scenes/Levels/SecondLevel.unity
  artifactKey: Guid(fb3ac414e321cc34dabeb624a04766dc) Importer(815301076,1909f56bfc062723c751e8b465ee728b)
Start importing Assets/Scenes/Levels/SecondLevel.unity using Guid(fb3ac414e321cc34dabeb624a04766dc) Importer(815301076,1909f56bfc062723c751e8b465ee728b)  -> (artifact id: 'f2b324201da9a0ff9909d2873843b0ad') in 0.015523 seconds
  Import took 0.019147 seconds .

========================================================================
Received Import Request.
  Time since last request: 52.877610 seconds.
  path: Assets/Scenes/Levels/ThirdLevel.unity
  artifactKey: Guid(0687f94245f2b834987d869626d549ae) Importer(815301076,1909f56bfc062723c751e8b465ee728b)
Start importing Assets/Scenes/Levels/ThirdLevel.unity using Guid(0687f94245f2b834987d869626d549ae) Importer(815301076,1909f56bfc062723c751e8b465ee728b)  -> (artifact id: '1855d973c8c33445ab6e17f27c4e80dc') in 0.004782 seconds
  Import took 0.010174 seconds .

========================================================================
Received Import Request.
  Time since last request: 25.111467 seconds.
  path: Assets/Scenes/Levels/ThirdOneLevel.unity
  artifactKey: Guid(a5b356737a4d46f408354a959ce4d2fd) Importer(815301076,1909f56bfc062723c751e8b465ee728b)
Start importing Assets/Scenes/Levels/ThirdOneLevel.unity using Guid(a5b356737a4d46f408354a959ce4d2fd) Importer(815301076,1909f56bfc062723c751e8b465ee728b)  -> (artifact id: '00e4bd580db608fdf754a429b0304763') in 0.004475 seconds
  Import took 0.010018 seconds .

========================================================================
Received Prepare
Refreshing native plugins compatible for Editor in 1.80 ms, found 1 plugins.
Preloading 0 native plugins for Editor in 0.00 ms.
Unloading 10 Unused Serialized files (Serialized files now loaded: 0)
System memory in use before: 58.3 MB.
System memory in use after: 58.3 MB.

Unloading 10 unused Assets to reduce memory usage. Loaded Objects now: 2462.
Total: 5.315600 ms (FindLiveObjects: 1.683000 ms CreateObjectMapping: 0.352700 ms MarkObjects: 3.162600 ms  DeleteObjects: 0.115900 ms)

========================================================================
Received Import Request.
  Time since last request: 465.016638 seconds.
  path: Assets/Scenes/Levels/ThirdOneLevel.unity
  artifactKey: Guid(a5b356737a4d46f408354a959ce4d2fd) Importer(815301076,1909f56bfc062723c751e8b465ee728b)
Start importing Assets/Scenes/Levels/ThirdOneLevel.unity using Guid(a5b356737a4d46f408354a959ce4d2fd) Importer(815301076,1909f56bfc062723c751e8b465ee728b)  -> (artifact id: '11e676faaead54daa6171c728a8a67e4') in 0.004418 seconds
  Import took 0.045212 seconds .

========================================================================
Received Prepare
Registering precompiled user dll's ...
Registered in 0.001058 seconds.
Begin MonoManager ReloadAssembly
Native extension for WindowsStandalone target not found
Refreshing native plugins compatible for Editor in 0.39 ms, found 1 plugins.
Preloading 0 native plugins for Editor in 0.00 ms.
Mono: successfully reloaded assembly
- Completed reload, in  0.911 seconds
Platform modules already initialized, skipping
Refreshing native plugins compatible for Editor in 0.38 ms, found 1 plugins.
Preloading 0 native plugins for Editor in 0.00 ms.
Unloading 1935 Unused Serialized files (Serialized files now loaded: 0)
System memory in use before: 96.4 MB.
System memory in use after: 96.3 MB.

Unloading 12 unused Assets to reduce memory usage. Loaded Objects now: 2466.
Total: 2.718500 ms (FindLiveObjects: 0.245500 ms CreateObjectMapping: 0.112900 ms MarkObjects: 2.249200 ms  DeleteObjects: 0.110000 ms)

========================================================================
Received Prepare
Registering precompiled user dll's ...
Registered in 0.001115 seconds.
Begin MonoManager ReloadAssembly
Native extension for WindowsStandalone target not found
Refreshing native plugins compatible for Editor in 0.38 ms, found 1 plugins.
Preloading 0 native plugins for Editor in 0.00 ms.
Mono: successfully reloaded assembly
- Completed reload, in  0.917 seconds
Platform modules already initialized, skipping
Refreshing native plugins compatible for Editor in 0.42 ms, found 1 plugins.
Preloading 0 native plugins for Editor in 0.00 ms.
Unloading 1935 Unused Serialized files (Serialized files now loaded: 0)
System memory in use before: 96.4 MB.
System memory in use after: 96.3 MB.

Unloading 12 unused Assets to reduce memory usage. Loaded Objects now: 2470.
Total: 3.547500 ms (FindLiveObjects: 0.270400 ms CreateObjectMapping: 0.097700 ms MarkObjects: 3.028000 ms  DeleteObjects: 0.149600 ms)

========================================================================
Received Import Request.
  Time since last request: 8114.828956 seconds.
  path: Assets/Scripts/Views/Dialogue/DialogueObject.cs
  artifactKey: Guid(c67dc13fa09de5a42a1b44ec791e1046) Importer(815301076,1909f56bfc062723c751e8b465ee728b)
Start importing Assets/Scripts/Views/Dialogue/DialogueObject.cs using Guid(c67dc13fa09de5a42a1b44ec791e1046) Importer(815301076,1909f56bfc062723c751e8b465ee728b)  -> (artifact id: '67795e85e90bf42e3b0536e751241031') in 0.013068 seconds
  Import took 0.016731 seconds .

========================================================================
Received Prepare
Registering precompiled user dll's ...
Registered in 0.001129 seconds.
Begin MonoManager ReloadAssembly
Native extension for WindowsStandalone target not found
Refreshing native plugins compatible for Editor in 0.38 ms, found 1 plugins.
Preloading 0 native plugins for Editor in 0.00 ms.
Mono: successfully reloaded assembly
- Completed reload, in  0.907 seconds
Platform modules already initialized, skipping
Refreshing native plugins compatible for Editor in 0.40 ms, found 1 plugins.
Preloading 0 native plugins for Editor in 0.00 ms.
Unloading 1935 Unused Serialized files (Serialized files now loaded: 0)
System memory in use before: 96.4 MB.
System memory in use after: 96.4 MB.

Unloading 12 unused Assets to reduce memory usage. Loaded Objects now: 2474.
Total: 2.876400 ms (FindLiveObjects: 0.396100 ms CreateObjectMapping: 0.181500 ms MarkObjects: 2.188500 ms  DeleteObjects: 0.108900 ms)

========================================================================
Received Import Request.
  Time since last request: 325.981829 seconds.
  path: Assets/Resources/Prefabs/Entitys/Entity.prefab
  artifactKey: Guid(9b4c636d808212344a446df729e11794) Importer(815301076,1909f56bfc062723c751e8b465ee728b)
Start importing Assets/Resources/Prefabs/Entitys/Entity.prefab using Guid(9b4c636d808212344a446df729e11794) Importer(815301076,1909f56bfc062723c751e8b465ee728b)  -> (artifact id: '66de2fb521b4417c1ffc104478939424') in 0.058131 seconds
  Import took 0.061447 seconds .

========================================================================
Received Import Request.
  Time since last request: 191.040342 seconds.
  path: Assets/Animation/Players/Karmel/Sprite.controller
  artifactKey: Guid(858556641d30f2e4da682ac460cad79e) Importer(815301076,1909f56bfc062723c751e8b465ee728b)
Start importing Assets/Animation/Players/Karmel/Sprite.controller using Guid(858556641d30f2e4da682ac460cad79e) Importer(815301076,1909f56bfc062723c751e8b465ee728b)  -> (artifact id: 'ea509f5a6791ca4aad98dfc6dbb08ebd') in 0.013872 seconds
  Import took 0.018036 seconds .

========================================================================
Received Import Request.
  Time since last request: 0.787422 seconds.
  path: Assets/Animation/Players/Karmel/Sprite.controller
  artifactKey: Guid(858556641d30f2e4da682ac460cad79e) Importer(815301076,1909f56bfc062723c751e8b465ee728b)
Start importing Assets/Animation/Players/Karmel/Sprite.controller using Guid(858556641d30f2e4da682ac460cad79e) Importer(815301076,1909f56bfc062723c751e8b465ee728b)  -> (artifact id: 'ea509f5a6791ca4aad98dfc6dbb08ebd') in 0.009635 seconds
  Import took 0.014485 seconds .

========================================================================
Received Prepare
Registering precompiled user dll's ...
Registered in 0.001589 seconds.
Begin MonoManager ReloadAssembly
Native extension for WindowsStandalone target not found
Refreshing native plugins compatible for Editor in 0.40 ms, found 1 plugins.
Preloading 0 native plugins for Editor in 0.00 ms.
Mono: successfully reloaded assembly
- Completed reload, in  0.918 seconds
Platform modules already initialized, skipping
Refreshing native plugins compatible for Editor in 0.39 ms, found 1 plugins.
Preloading 0 native plugins for Editor in 0.00 ms.
Unloading 1935 Unused Serialized files (Serialized files now loaded: 0)
System memory in use before: 96.4 MB.
System memory in use after: 96.4 MB.

Unloading 12 unused Assets to reduce memory usage. Loaded Objects now: 2479.
Total: 3.167400 ms (FindLiveObjects: 0.359100 ms CreateObjectMapping: 0.142200 ms MarkObjects: 2.545600 ms  DeleteObjects: 0.118900 ms)

========================================================================
Received Import Request.
  Time since last request: 401.670626 seconds.
  path: Assets/Scenes/Levels/FirstLevel.unity
  artifactKey: Guid(7cca091913aeb7744bc2d818805787fb) Importer(815301076,1909f56bfc062723c751e8b465ee728b)
Start importing Assets/Scenes/Levels/FirstLevel.unity using Guid(7cca091913aeb7744bc2d818805787fb) Importer(815301076,1909f56bfc062723c751e8b465ee728b)  -> (artifact id: '1235ef9a5cc156f3d29d5b1643f2e066') in 0.020465 seconds
  Import took 0.024962 seconds .

========================================================================
Received Import Request.
  Time since last request: 6.068768 seconds.
  path: Assets/Resources/Prefabs/Collectables/WeaponCollectable.prefab
  artifactKey: Guid(c6d373a653905ec4da069ec10b73096b) Importer(815301076,1909f56bfc062723c751e8b465ee728b)
Start importing Assets/Resources/Prefabs/Collectables/WeaponCollectable.prefab using Guid(c6d373a653905ec4da069ec10b73096b) Importer(815301076,1909f56bfc062723c751e8b465ee728b)  -> (artifact id: 'c8898abe9e84eb53d0f9fe6c06cad209') in 0.059107 seconds
  Import took 0.063437 seconds .

========================================================================
Received Import Request.
  Time since last request: 2.082733 seconds.
  path: Assets/Resources/Prefabs/Collectables/ShotgunCollectable.prefab
  artifactKey: Guid(2985450f5ee5601419217fba23e9a511) Importer(815301076,1909f56bfc062723c751e8b465ee728b)
Start importing Assets/Resources/Prefabs/Collectables/ShotgunCollectable.prefab using Guid(2985450f5ee5601419217fba23e9a511) Importer(815301076,1909f56bfc062723c751e8b465ee728b)  -> (artifact id: '0d26f10ebc15b9bb4dd1ee285660ac72') in 0.036342 seconds
  Import took 0.040770 seconds .

========================================================================
Received Import Request.
  Time since last request: 0.000295 seconds.
  path: Assets/Resources/Prefabs/Collectables/UziCollectable.prefab
  artifactKey: Guid(1c3400dc42d959341a42baf835da58c8) Importer(815301076,1909f56bfc062723c751e8b465ee728b)
Start importing Assets/Resources/Prefabs/Collectables/UziCollectable.prefab using Guid(1c3400dc42d959341a42baf835da58c8) Importer(815301076,1909f56bfc062723c751e8b465ee728b)  -> (artifact id: '73158492627f04db5a8ecd7898b0cc86') in 0.019837 seconds
  Import took 0.029310 seconds .

========================================================================
Received Import Request.
  Time since last request: 1.177749 seconds.
  path: Assets/Resources/Prefabs/Collectables/WeaponCollectable 1.prefab
  artifactKey: Guid(8c575073619f73445b00ee9425ebdb0c) Importer(815301076,1909f56bfc062723c751e8b465ee728b)
Start importing Assets/Resources/Prefabs/Collectables/WeaponCollectable 1.prefab using Guid(8c575073619f73445b00ee9425ebdb0c) Importer(815301076,1909f56bfc062723c751e8b465ee728b)  -> (artifact id: '71828367d79aacf67d3c3e18726095a8') in 0.020225 seconds
  Import took 0.024574 seconds .

========================================================================
Received Import Request.
  Time since last request: 4.738752 seconds.
  path: Assets/Resources/Prefabs/Collectables/HerbCollectable.prefab
  artifactKey: Guid(8c575073619f73445b00ee9425ebdb0c) Importer(815301076,1909f56bfc062723c751e8b465ee728b)
Start importing Assets/Resources/Prefabs/Collectables/HerbCollectable.prefab using Guid(8c575073619f73445b00ee9425ebdb0c) Importer(815301076,1909f56bfc062723c751e8b465ee728b)  -> (artifact id: '3fd22952c78d6f429ae983beae831f1a') in 0.017911 seconds
  Import took 0.022761 seconds .

========================================================================
Received Import Request.
  Time since last request: 36.040657 seconds.
  path: Assets/Resources/Assets/Sprites/Objects
  artifactKey: Guid(20c1cf2dedd33554e9be4aad205dbe8c) Importer(815301076,1909f56bfc062723c751e8b465ee728b)
Start importing Assets/Resources/Assets/Sprites/Objects using Guid(20c1cf2dedd33554e9be4aad205dbe8c) Importer(815301076,1909f56bfc062723c751e8b465ee728b)  -> (artifact id: 'e5d81426ea7ed39a62eaebce29dc4b67') in 0.007551 seconds
  Import took 0.011487 seconds .

========================================================================
Received Import Request.
  Time since last request: 25.568045 seconds.
  path: Assets/Resources/Assets/Sprites/Objects/Objetos.png
  artifactKey: Guid(81c904f4158609b4d876e8e7bbc80ffa) Importer(815301076,1909f56bfc062723c751e8b465ee728b)
Start importing Assets/Resources/Assets/Sprites/Objects/Objetos.png using Guid(81c904f4158609b4d876e8e7bbc80ffa) Importer(815301076,1909f56bfc062723c751e8b465ee728b)  -> (artifact id: 'fd18d6b6487a3495808594c790bfe3e8') in 0.040252 seconds
  Import took 0.044637 seconds .

========================================================================
Received Import Request.
  Time since last request: 7.241218 seconds.
  path: Assets/Resources/Assets/Sprites/Objects/Objetos.png
  artifactKey: Guid(81c904f4158609b4d876e8e7bbc80ffa) Importer(815301076,1909f56bfc062723c751e8b465ee728b)
Start importing Assets/Resources/Assets/Sprites/Objects/Objetos.png using Guid(81c904f4158609b4d876e8e7bbc80ffa) Importer(815301076,1909f56bfc062723c751e8b465ee728b)  -> (artifact id: '646f0ede26d6228907d043a0d7eaab54') in 0.011942 seconds
  Import took 0.015751 seconds .

========================================================================
Received Import Request.
  Time since last request: 18.323828 seconds.
  path: Assets/Resources/Assets/Sprites/Objects/Objetos.png
  artifactKey: Guid(81c904f4158609b4d876e8e7bbc80ffa) Importer(815301076,1909f56bfc062723c751e8b465ee728b)
Start importing Assets/Resources/Assets/Sprites/Objects/Objetos.png using Guid(81c904f4158609b4d876e8e7bbc80ffa) Importer(815301076,1909f56bfc062723c751e8b465ee728b)  -> (artifact id: '339bbb7d190e088a089d6c6520e009b0') in 0.032655 seconds
  Import took 0.037416 seconds .

========================================================================
Received Prepare
Registering precompiled user dll's ...
Registered in 0.001230 seconds.
Begin MonoManager ReloadAssembly
Native extension for WindowsStandalone target not found
Refreshing native plugins compatible for Editor in 0.53 ms, found 1 plugins.
Preloading 0 native plugins for Editor in 0.00 ms.
Mono: successfully reloaded assembly
- Completed reload, in  1.136 seconds
Platform modules already initialized, skipping
Refreshing native plugins compatible for Editor in 0.48 ms, found 1 plugins.
Preloading 0 native plugins for Editor in 0.00 ms.
Unloading 1935 Unused Serialized files (Serialized files now loaded: 0)
System memory in use before: 96.5 MB.
System memory in use after: 96.4 MB.

Unloading 12 unused Assets to reduce memory usage. Loaded Objects now: 2497.
Total: 2.774500 ms (FindLiveObjects: 0.209200 ms CreateObjectMapping: 0.122700 ms MarkObjects: 2.317800 ms  DeleteObjects: 0.123200 ms)

========================================================================
Received Import Request.
  Time since last request: 54.074626 seconds.
  path: Assets/Resources/Prefabs/Collectables/HerbCollectable.prefab
  artifactKey: Guid(8c575073619f73445b00ee9425ebdb0c) Importer(815301076,1909f56bfc062723c751e8b465ee728b)
Start importing Assets/Resources/Prefabs/Collectables/HerbCollectable.prefab using Guid(8c575073619f73445b00ee9425ebdb0c) Importer(815301076,1909f56bfc062723c751e8b465ee728b)  -> (artifact id: '49c28769fe126323bef971b244b64b9d') in 0.062487 seconds
  Import took 0.067455 seconds .

========================================================================
Received Import Request.
  Time since last request: 0.003276 seconds.
  path: Assets/Resources/Prefabs/Collectables/HerbCollectable.prefab
  artifactKey: Guid(8c575073619f73445b00ee9425ebdb0c) Importer(815301076,1909f56bfc062723c751e8b465ee728b)
Start importing Assets/Resources/Prefabs/Collectables/HerbCollectable.prefab using Guid(8c575073619f73445b00ee9425ebdb0c) Importer(815301076,1909f56bfc062723c751e8b465ee728b)  -> (artifact id: '49c28769fe126323bef971b244b64b9d') in 0.011990 seconds
  Import took 0.016442 seconds .

========================================================================
Received Import Request.
  Time since last request: 63.906758 seconds.
  path: Assets/Resources/Assets/Sprites/Enemies/Gatos.png
  artifactKey: Guid(c20d36056caa8fe42946d28ada4f0883) Importer(815301076,1909f56bfc062723c751e8b465ee728b)
Start importing Assets/Resources/Assets/Sprites/Enemies/Gatos.png using Guid(c20d36056caa8fe42946d28ada4f0883) Importer(815301076,1909f56bfc062723c751e8b465ee728b)  -> (artifact id: '962493e03244296fb484079210f56a6c') in 0.074258 seconds
  Import took 0.078306 seconds .

========================================================================
Received Prepare
Registering precompiled user dll's ...
Registered in 0.001148 seconds.
Begin MonoManager ReloadAssembly
Native extension for WindowsStandalone target not found
Refreshing native plugins compatible for Editor in 0.46 ms, found 1 plugins.
Preloading 0 native plugins for Editor in 0.00 ms.
Mono: successfully reloaded assembly
- Completed reload, in  1.208 seconds
Platform modules already initialized, skipping
Refreshing native plugins compatible for Editor in 0.46 ms, found 1 plugins.
Preloading 0 native plugins for Editor in 0.00 ms.
Unloading 1935 Unused Serialized files (Serialized files now loaded: 0)
System memory in use before: 96.5 MB.
System memory in use after: 96.5 MB.

Unloading 12 unused Assets to reduce memory usage. Loaded Objects now: 2513.
Total: 3.699300 ms (FindLiveObjects: 0.369000 ms CreateObjectMapping: 0.161000 ms MarkObjects: 2.982800 ms  DeleteObjects: 0.183800 ms)

========================================================================
Received Prepare
Registering precompiled user dll's ...
Registered in 0.001111 seconds.
Begin MonoManager ReloadAssembly
Native extension for WindowsStandalone target not found
Refreshing native plugins compatible for Editor in 0.46 ms, found 1 plugins.
Preloading 0 native plugins for Editor in 0.00 ms.
Mono: successfully reloaded assembly
- Completed reload, in  0.900 seconds
Platform modules already initialized, skipping
Refreshing native plugins compatible for Editor in 0.45 ms, found 1 plugins.
Preloading 0 native plugins for Editor in 0.00 ms.
Unloading 1935 Unused Serialized files (Serialized files now loaded: 0)
System memory in use before: 96.5 MB.
System memory in use after: 96.5 MB.

Unloading 12 unused Assets to reduce memory usage. Loaded Objects now: 2517.
Total: 3.292600 ms (FindLiveObjects: 0.296100 ms CreateObjectMapping: 0.067000 ms MarkObjects: 2.814000 ms  DeleteObjects: 0.114400 ms)

========================================================================
Received Prepare
Registering precompiled user dll's ...
Registered in 0.001135 seconds.
Begin MonoManager ReloadAssembly
Native extension for WindowsStandalone target not found
Refreshing native plugins compatible for Editor in 0.45 ms, found 1 plugins.
Preloading 0 native plugins for Editor in 0.00 ms.
Mono: successfully reloaded assembly
- Completed reload, in  1.275 seconds
Platform modules already initialized, skipping
Refreshing native plugins compatible for Editor in 0.42 ms, found 1 plugins.
Preloading 0 native plugins for Editor in 0.00 ms.
Unloading 1935 Unused Serialized files (Serialized files now loaded: 0)
System memory in use before: 96.5 MB.
System memory in use after: 96.5 MB.

Unloading 12 unused Assets to reduce memory usage. Loaded Objects now: 2521.
Total: 2.726700 ms (FindLiveObjects: 0.200900 ms CreateObjectMapping: 0.072800 ms MarkObjects: 2.328500 ms  DeleteObjects: 0.123300 ms)

========================================================================
Received Prepare
Registering precompiled user dll's ...
Registered in 0.001060 seconds.
Begin MonoManager ReloadAssembly
Native extension for WindowsStandalone target not found
Refreshing native plugins compatible for Editor in 0.43 ms, found 1 plugins.
Preloading 0 native plugins for Editor in 0.00 ms.
Mono: successfully reloaded assembly
- Completed reload, in  0.904 seconds
Platform modules already initialized, skipping
Refreshing native plugins compatible for Editor in 0.41 ms, found 1 plugins.
Preloading 0 native plugins for Editor in 0.00 ms.
Unloading 1935 Unused Serialized files (Serialized files now loaded: 0)
System memory in use before: 96.5 MB.
System memory in use after: 96.5 MB.

Unloading 12 unused Assets to reduce memory usage. Loaded Objects now: 2525.
Total: 3.072900 ms (FindLiveObjects: 0.519500 ms CreateObjectMapping: 0.151400 ms MarkObjects: 2.291700 ms  DeleteObjects: 0.109200 ms)

========================================================================
Received Prepare
Registering precompiled user dll's ...
Registered in 0.001068 seconds.
Begin MonoManager ReloadAssembly
Native extension for WindowsStandalone target not found
Refreshing native plugins compatible for Editor in 0.43 ms, found 1 plugins.
Preloading 0 native plugins for Editor in 0.00 ms.
Mono: successfully reloaded assembly
- Completed reload, in  0.923 seconds
Platform modules already initialized, skipping
Refreshing native plugins compatible for Editor in 0.42 ms, found 1 plugins.
Preloading 0 native plugins for Editor in 0.00 ms.
Unloading 1935 Unused Serialized files (Serialized files now loaded: 0)
System memory in use before: 96.5 MB.
System memory in use after: 96.5 MB.

Unloading 12 unused Assets to reduce memory usage. Loaded Objects now: 2529.
Total: 2.786100 ms (FindLiveObjects: 0.486500 ms CreateObjectMapping: 0.097100 ms MarkObjects: 2.084500 ms  DeleteObjects: 0.116500 ms)

========================================================================
Received Prepare
Registering precompiled user dll's ...
Registered in 0.001050 seconds.
Begin MonoManager ReloadAssembly
Native extension for WindowsStandalone target not found
Refreshing native plugins compatible for Editor in 0.47 ms, found 1 plugins.
Preloading 0 native plugins for Editor in 0.00 ms.
Mono: successfully reloaded assembly
- Completed reload, in  1.329 seconds
Platform modules already initialized, skipping
Refreshing native plugins compatible for Editor in 0.43 ms, found 1 plugins.
Preloading 0 native plugins for Editor in 0.00 ms.
Unloading 1935 Unused Serialized files (Serialized files now loaded: 0)
System memory in use before: 96.5 MB.
System memory in use after: 96.5 MB.

Unloading 12 unused Assets to reduce memory usage. Loaded Objects now: 2533.
Total: 2.921100 ms (FindLiveObjects: 0.237000 ms CreateObjectMapping: 0.100600 ms MarkObjects: 2.453800 ms  DeleteObjects: 0.127600 ms)

========================================================================
Received Prepare
Registering precompiled user dll's ...
Registered in 0.001116 seconds.
Begin MonoManager ReloadAssembly
Native extension for WindowsStandalone target not found
Refreshing native plugins compatible for Editor in 0.37 ms, found 1 plugins.
Preloading 0 native plugins for Editor in 0.00 ms.
Mono: successfully reloaded assembly
- Completed reload, in  0.911 seconds
Platform modules already initialized, skipping
Refreshing native plugins compatible for Editor in 0.37 ms, found 1 plugins.
Preloading 0 native plugins for Editor in 0.00 ms.
Unloading 1935 Unused Serialized files (Serialized files now loaded: 0)
System memory in use before: 96.5 MB.
System memory in use after: 96.5 MB.

Unloading 12 unused Assets to reduce memory usage. Loaded Objects now: 2537.
Total: 4.035200 ms (FindLiveObjects: 0.313600 ms CreateObjectMapping: 0.211100 ms MarkObjects: 3.391000 ms  DeleteObjects: 0.118500 ms)

========================================================================
Received Import Request.
  Time since last request: 666.429494 seconds.
  path: Assets/Resources/Prefabs/Players/Karmel.prefab
  artifactKey: Guid(2c161aab022c7fa4dbe48b78f21e2f8a) Importer(815301076,1909f56bfc062723c751e8b465ee728b)
Start importing Assets/Resources/Prefabs/Players/Karmel.prefab using Guid(2c161aab022c7fa4dbe48b78f21e2f8a) Importer(815301076,1909f56bfc062723c751e8b465ee728b)  -> (artifact id: '9e15cb82f5765d4cb3f4afe1b5aa8bc9') in 0.118467 seconds
  Import took 0.124119 seconds .

========================================================================
Received Prepare
Registering precompiled user dll's ...
Registered in 0.001139 seconds.
Begin MonoManager ReloadAssembly
Native extension for WindowsStandalone target not found
Refreshing native plugins compatible for Editor in 0.37 ms, found 1 plugins.
Preloading 0 native plugins for Editor in 0.00 ms.
Mono: successfully reloaded assembly
- Completed reload, in  0.953 seconds
Platform modules already initialized, skipping
Refreshing native plugins compatible for Editor in 0.40 ms, found 1 plugins.
Preloading 0 native plugins for Editor in 0.00 ms.
Unloading 1935 Unused Serialized files (Serialized files now loaded: 0)
System memory in use before: 96.6 MB.
System memory in use after: 96.5 MB.

Unloading 12 unused Assets to reduce memory usage. Loaded Objects now: 2542.
Total: 2.412600 ms (FindLiveObjects: 0.194900 ms CreateObjectMapping: 0.085300 ms MarkObjects: 2.010200 ms  DeleteObjects: 0.121300 ms)

========================================================================
Received Prepare
Registering precompiled user dll's ...
Registered in 0.001269 seconds.
Begin MonoManager ReloadAssembly
Native extension for WindowsStandalone target not found
Refreshing native plugins compatible for Editor in 0.63 ms, found 1 plugins.
Preloading 0 native plugins for Editor in 0.00 ms.
Mono: successfully reloaded assembly
- Completed reload, in  2.063 seconds
Platform modules already initialized, skipping
Refreshing native plugins compatible for Editor in 1.58 ms, found 1 plugins.
Preloading 0 native plugins for Editor in 0.00 ms.
Unloading 1935 Unused Serialized files (Serialized files now loaded: 0)
System memory in use before: 96.6 MB.
System memory in use after: 96.6 MB.

Unloading 12 unused Assets to reduce memory usage. Loaded Objects now: 2546.
Total: 9.424300 ms (FindLiveObjects: 1.672200 ms CreateObjectMapping: 1.358400 ms MarkObjects: 6.167300 ms  DeleteObjects: 0.221500 ms)

========================================================================
Received Import Request.
  Time since last request: 213.194798 seconds.
  path: Assets/Resources/Prefabs/Entitys/Entity.prefab
  artifactKey: Guid(9b4c636d808212344a446df729e11794) Importer(815301076,1909f56bfc062723c751e8b465ee728b)
Start importing Assets/Resources/Prefabs/Entitys/Entity.prefab using Guid(9b4c636d808212344a446df729e11794) Importer(815301076,1909f56bfc062723c751e8b465ee728b)  -> (artifact id: '2e918008d4194f4aa800a7be039b405b') in 0.056189 seconds
  Import took 0.062461 seconds .

========================================================================
Received Import Request.
  Time since last request: 17.831822 seconds.
  path: Assets/Resources/Prefabs/Entitys/Entity.prefab
  artifactKey: Guid(9b4c636d808212344a446df729e11794) Importer(815301076,1909f56bfc062723c751e8b465ee728b)
Start importing Assets/Resources/Prefabs/Entitys/Entity.prefab using Guid(9b4c636d808212344a446df729e11794) Importer(815301076,1909f56bfc062723c751e8b465ee728b)  -> (artifact id: 'f1bfe42be49156e6c0c90bb527e512d3') in 0.013481 seconds
  Import took 0.018634 seconds .

========================================================================
Received Prepare
Registering precompiled user dll's ...
Registered in 0.001052 seconds.
Begin MonoManager ReloadAssembly
Native extension for WindowsStandalone target not found
Refreshing native plugins compatible for Editor in 0.39 ms, found 1 plugins.
Preloading 0 native plugins for Editor in 0.00 ms.
Mono: successfully reloaded assembly
- Completed reload, in  0.911 seconds
Platform modules already initialized, skipping
Refreshing native plugins compatible for Editor in 0.40 ms, found 1 plugins.
Preloading 0 native plugins for Editor in 0.00 ms.
Unloading 1935 Unused Serialized files (Serialized files now loaded: 0)
System memory in use before: 96.6 MB.
System memory in use after: 96.6 MB.

Unloading 12 unused Assets to reduce memory usage. Loaded Objects now: 2551.
Total: 2.880200 ms (FindLiveObjects: 0.497600 ms CreateObjectMapping: 0.072700 ms MarkObjects: 2.198800 ms  DeleteObjects: 0.109500 ms)

========================================================================
Received Prepare
Registering precompiled user dll's ...
Registered in 0.001103 seconds.
Begin MonoManager ReloadAssembly
Native extension for WindowsStandalone target not found
Refreshing native plugins compatible for Editor in 0.39 ms, found 1 plugins.
Preloading 0 native plugins for Editor in 0.00 ms.
Mono: successfully reloaded assembly
- Completed reload, in  0.977 seconds
Platform modules already initialized, skipping
Refreshing native plugins compatible for Editor in 0.40 ms, found 1 plugins.
Preloading 0 native plugins for Editor in 0.00 ms.
Unloading 1935 Unused Serialized files (Serialized files now loaded: 0)
System memory in use before: 96.6 MB.
System memory in use after: 96.6 MB.

Unloading 12 unused Assets to reduce memory usage. Loaded Objects now: 2555.
Total: 2.250300 ms (FindLiveObjects: 0.192800 ms CreateObjectMapping: 0.068700 ms MarkObjects: 1.866200 ms  DeleteObjects: 0.121000 ms)

========================================================================
Received Import Request.
  Time since last request: 351.214957 seconds.
  path: Assets/Resources/Prefabs/Entitys/Entity.prefab
  artifactKey: Guid(9b4c636d808212344a446df729e11794) Importer(815301076,1909f56bfc062723c751e8b465ee728b)
Start importing Assets/Resources/Prefabs/Entitys/Entity.prefab using Guid(9b4c636d808212344a446df729e11794) Importer(815301076,1909f56bfc062723c751e8b465ee728b)  -> (artifact id: '9fc47757a311ac6506c45b01c1f30093') in 0.056004 seconds
  Import took 0.096977 seconds .

========================================================================
Received Import Request.
  Time since last request: 12.192869 seconds.
  path: Assets/Resources/Prefabs/Entitys/Entity.prefab
  artifactKey: Guid(9b4c636d808212344a446df729e11794) Importer(815301076,1909f56bfc062723c751e8b465ee728b)
Start importing Assets/Resources/Prefabs/Entitys/Entity.prefab using Guid(9b4c636d808212344a446df729e11794) Importer(815301076,1909f56bfc062723c751e8b465ee728b)  -> (artifact id: '2ebf27d5fdb7b45b8d8dbc2619dbee5e') in 0.013742 seconds
  Import took 0.017704 seconds .

========================================================================
Received Prepare
Registering precompiled user dll's ...
Registered in 0.001056 seconds.
Begin MonoManager ReloadAssembly
Native extension for WindowsStandalone target not found
Refreshing native plugins compatible for Editor in 0.38 ms, found 1 plugins.
Preloading 0 native plugins for Editor in 0.00 ms.
Mono: successfully reloaded assembly
- Completed reload, in  0.859 seconds
Platform modules already initialized, skipping
Refreshing native plugins compatible for Editor in 0.41 ms, found 1 plugins.
Preloading 0 native plugins for Editor in 0.00 ms.
Unloading 1935 Unused Serialized files (Serialized files now loaded: 0)
System memory in use before: 96.6 MB.
System memory in use after: 96.6 MB.

Unloading 12 unused Assets to reduce memory usage. Loaded Objects now: 2560.
Total: 2.433000 ms (FindLiveObjects: 0.218200 ms CreateObjectMapping: 0.080700 ms MarkObjects: 2.000100 ms  DeleteObjects: 0.132400 ms)

========================================================================
Received Prepare
Registering precompiled user dll's ...
Registered in 0.001041 seconds.
Begin MonoManager ReloadAssembly
Native extension for WindowsStandalone target not found
Refreshing native plugins compatible for Editor in 0.52 ms, found 1 plugins.
Preloading 0 native plugins for Editor in 0.00 ms.
Mono: successfully reloaded assembly
- Completed reload, in  0.942 seconds
Platform modules already initialized, skipping
Refreshing native plugins compatible for Editor in 0.79 ms, found 1 plugins.
Preloading 0 native plugins for Editor in 0.00 ms.
Unloading 1935 Unused Serialized files (Serialized files now loaded: 0)
System memory in use before: 96.6 MB.
System memory in use after: 96.6 MB.

Unloading 12 unused Assets to reduce memory usage. Loaded Objects now: 2564.
Total: 3.999300 ms (FindLiveObjects: 0.240000 ms CreateObjectMapping: 0.197500 ms MarkObjects: 3.438000 ms  DeleteObjects: 0.122500 ms)

========================================================================
Received Prepare
Refreshing native plugins compatible for Editor in 4.43 ms, found 1 plugins.
Preloading 0 native plugins for Editor in 0.00 ms.
Unloading 10 Unused Serialized files (Serialized files now loaded: 0)
System memory in use before: 58.5 MB.
System memory in use after: 58.5 MB.

Unloading 10 unused Assets to reduce memory usage. Loaded Objects now: 2564.
Total: 7.195100 ms (FindLiveObjects: 1.086300 ms CreateObjectMapping: 0.297800 ms MarkObjects: 5.413300 ms  DeleteObjects: 0.394200 ms)

========================================================================
Received Prepare
Registering precompiled user dll's ...
Registered in 0.002541 seconds.
Begin MonoManager ReloadAssembly
Native extension for WindowsStandalone target not found
Refreshing native plugins compatible for Editor in 1.70 ms, found 1 plugins.
Preloading 0 native plugins for Editor in 0.00 ms.
Mono: successfully reloaded assembly
- Completed reload, in  1.616 seconds
Platform modules already initialized, skipping
Refreshing native plugins compatible for Editor in 0.65 ms, found 1 plugins.
Preloading 0 native plugins for Editor in 0.00 ms.
Unloading 1935 Unused Serialized files (Serialized files now loaded: 0)
System memory in use before: 96.6 MB.
System memory in use after: 96.6 MB.

Unloading 12 unused Assets to reduce memory usage. Loaded Objects now: 2568.
Total: 5.458800 ms (FindLiveObjects: 0.560200 ms CreateObjectMapping: 0.230900 ms MarkObjects: 4.477600 ms  DeleteObjects: 0.187400 ms)

========================================================================
Received Prepare
Registering precompiled user dll's ...
Registered in 0.001255 seconds.
Begin MonoManager ReloadAssembly
Native extension for WindowsStandalone target not found
Refreshing native plugins compatible for Editor in 0.50 ms, found 1 plugins.
Preloading 0 native plugins for Editor in 0.00 ms.
Mono: successfully reloaded assembly
- Completed reload, in  0.891 seconds
Platform modules already initialized, skipping
Refreshing native plugins compatible for Editor in 0.39 ms, found 1 plugins.
Preloading 0 native plugins for Editor in 0.00 ms.
Unloading 1935 Unused Serialized files (Serialized files now loaded: 0)
System memory in use before: 96.6 MB.
System memory in use after: 96.6 MB.

Unloading 12 unused Assets to reduce memory usage. Loaded Objects now: 2572.
Total: 2.516100 ms (FindLiveObjects: 0.396100 ms CreateObjectMapping: 0.074400 ms MarkObjects: 1.916000 ms  DeleteObjects: 0.128300 ms)

========================================================================
Received Prepare
Registering precompiled user dll's ...
Registered in 0.001239 seconds.
Begin MonoManager ReloadAssembly
Native extension for WindowsStandalone target not found
Refreshing native plugins compatible for Editor in 0.41 ms, found 1 plugins.
Preloading 0 native plugins for Editor in 0.00 ms.
Mono: successfully reloaded assembly
- Completed reload, in  0.968 seconds
Platform modules already initialized, skipping
Refreshing native plugins compatible for Editor in 0.90 ms, found 1 plugins.
Preloading 0 native plugins for Editor in 0.00 ms.
Unloading 1935 Unused Serialized files (Serialized files now loaded: 0)
System memory in use before: 96.6 MB.
System memory in use after: 96.6 MB.

Unloading 12 unused Assets to reduce memory usage. Loaded Objects now: 2576.
Total: 2.869400 ms (FindLiveObjects: 0.578300 ms CreateObjectMapping: 0.115200 ms MarkObjects: 2.063500 ms  DeleteObjects: 0.111300 ms)

========================================================================
Received Prepare
Registering precompiled user dll's ...
Registered in 0.001064 seconds.
Begin MonoManager ReloadAssembly
Native extension for WindowsStandalone target not found
Refreshing native plugins compatible for Editor in 0.45 ms, found 1 plugins.
Preloading 0 native plugins for Editor in 0.00 ms.
Mono: successfully reloaded assembly
- Completed reload, in  1.228 seconds
Platform modules already initialized, skipping
Refreshing native plugins compatible for Editor in 0.54 ms, found 1 plugins.
Preloading 0 native plugins for Editor in 0.00 ms.
Unloading 1935 Unused Serialized files (Serialized files now loaded: 0)
System memory in use before: 96.7 MB.
System memory in use after: 96.6 MB.

Unloading 12 unused Assets to reduce memory usage. Loaded Objects now: 2580.
Total: 2.604000 ms (FindLiveObjects: 0.194200 ms CreateObjectMapping: 0.076800 ms MarkObjects: 2.206300 ms  DeleteObjects: 0.125500 ms)

========================================================================
Received Prepare
Registering precompiled user dll's ...
Registered in 0.001155 seconds.
Begin MonoManager ReloadAssembly
Native extension for WindowsStandalone target not found
Refreshing native plugins compatible for Editor in 0.38 ms, found 1 plugins.
Preloading 0 native plugins for Editor in 0.00 ms.
Mono: successfully reloaded assembly
- Completed reload, in  0.903 seconds
Platform modules already initialized, skipping
Refreshing native plugins compatible for Editor in 0.38 ms, found 1 plugins.
Preloading 0 native plugins for Editor in 0.00 ms.
Unloading 1935 Unused Serialized files (Serialized files now loaded: 0)
System memory in use before: 96.7 MB.
System memory in use after: 96.7 MB.

Unloading 12 unused Assets to reduce memory usage. Loaded Objects now: 2584.
Total: 2.151500 ms (FindLiveObjects: 0.172400 ms CreateObjectMapping: 0.054700 ms MarkObjects: 1.816600 ms  DeleteObjects: 0.106900 ms)

========================================================================
Received Prepare
Registering precompiled user dll's ...
Registered in 0.001058 seconds.
Begin MonoManager ReloadAssembly
Native extension for WindowsStandalone target not found
Refreshing native plugins compatible for Editor in 0.39 ms, found 1 plugins.
Preloading 0 native plugins for Editor in 0.00 ms.
Mono: successfully reloaded assembly
- Completed reload, in  0.899 seconds
Platform modules already initialized, skipping
Refreshing native plugins compatible for Editor in 0.46 ms, found 1 plugins.
Preloading 0 native plugins for Editor in 0.00 ms.
Unloading 1935 Unused Serialized files (Serialized files now loaded: 0)
System memory in use before: 96.7 MB.
System memory in use after: 96.7 MB.

Unloading 12 unused Assets to reduce memory usage. Loaded Objects now: 2588.
Total: 2.790300 ms (FindLiveObjects: 0.232200 ms CreateObjectMapping: 0.087300 ms MarkObjects: 2.342000 ms  DeleteObjects: 0.127700 ms)

========================================================================
Received Import Request.
  Time since last request: 1067.674929 seconds.
  path: Assets/Scenes/Levels/SecondLevel.unity
  artifactKey: Guid(fb3ac414e321cc34dabeb624a04766dc) Importer(815301076,1909f56bfc062723c751e8b465ee728b)
Start importing Assets/Scenes/Levels/SecondLevel.unity using Guid(fb3ac414e321cc34dabeb624a04766dc) Importer(815301076,1909f56bfc062723c751e8b465ee728b)  -> (artifact id: '31d24f4900f87bd6e709c82c3c418e45') in 0.013285 seconds
  Import took 0.017266 seconds .

========================================================================
Received Import Request.
  Time since last request: 53.637774 seconds.
  path: Assets/Scenes/Levels/ThirdLevel.unity
  artifactKey: Guid(0687f94245f2b834987d869626d549ae) Importer(815301076,1909f56bfc062723c751e8b465ee728b)
Start importing Assets/Scenes/Levels/ThirdLevel.unity using Guid(0687f94245f2b834987d869626d549ae) Importer(815301076,1909f56bfc062723c751e8b465ee728b)  -> (artifact id: '6eecae228848f284aa9bd4611fb2d07d') in 0.009663 seconds
  Import took 0.050694 seconds .

========================================================================
Received Import Request.
  Time since last request: 14.752001 seconds.
  path: Assets/Scripts/Events/ObjectTriggerEvent.cs
  artifactKey: Guid(27d596211b9314548adbc8bf2468a659) Importer(815301076,1909f56bfc062723c751e8b465ee728b)
Start importing Assets/Scripts/Events/ObjectTriggerEvent.cs using Guid(27d596211b9314548adbc8bf2468a659) Importer(815301076,1909f56bfc062723c751e8b465ee728b)  -> (artifact id: '030adf236c5efda2a4a0134160b4f65f') in 0.007632 seconds
  Import took 0.048475 seconds .

========================================================================
Received Import Request.
  Time since last request: 3.731305 seconds.
  path: Assets/Scripts/Events/OnKillEvent.cs
  artifactKey: Guid(937245742fb349d489167dd34f7a3836) Importer(815301076,1909f56bfc062723c751e8b465ee728b)
Start importing Assets/Scripts/Events/OnKillEvent.cs using Guid(937245742fb349d489167dd34f7a3836) Importer(815301076,1909f56bfc062723c751e8b465ee728b)  -> (artifact id: 'd07178c8f63e42a41e7dbcb5165ebb78') in 0.009437 seconds
  Import took 0.050839 seconds .

========================================================================
Received Import Request.
  Time since last request: 39.944479 seconds.
  path: Assets/Scripts/Events/DialogueTriggerKillEvent.cs
  artifactKey: Guid(88b40a9941c67594db28c6c6adef7767) Importer(815301076,1909f56bfc062723c751e8b465ee728b)
Start importing Assets/Scripts/Events/DialogueTriggerKillEvent.cs using Guid(88b40a9941c67594db28c6c6adef7767) Importer(815301076,1909f56bfc062723c751e8b465ee728b)  -> (artifact id: '9b5e5bdf7e368f34cda0c04666a2755c') in 0.012242 seconds
  Import took 0.024481 seconds .

========================================================================
Received Prepare
Registering precompiled user dll's ...
Registered in 0.001041 seconds.
Begin MonoManager ReloadAssembly
Native extension for WindowsStandalone target not found
Refreshing native plugins compatible for Editor in 0.47 ms, found 1 plugins.
Preloading 0 native plugins for Editor in 0.00 ms.
Mono: successfully reloaded assembly
- Completed reload, in  1.156 seconds
Platform modules already initialized, skipping
Refreshing native plugins compatible for Editor in 0.36 ms, found 1 plugins.
Preloading 0 native plugins for Editor in 0.00 ms.
Unloading 1936 Unused Serialized files (Serialized files now loaded: 0)
System memory in use before: 96.7 MB.
System memory in use after: 96.7 MB.

Unloading 12 unused Assets to reduce memory usage. Loaded Objects now: 2593.
Total: 2.619400 ms (FindLiveObjects: 0.221700 ms CreateObjectMapping: 0.078900 ms MarkObjects: 2.206900 ms  DeleteObjects: 0.110600 ms)

========================================================================
Received Import Request.
  Time since last request: 11.740232 seconds.
  path: Assets/Resources/Assets/Dialogues/Thirdlevel/ThirdLevelStaircase 1.asset
  artifactKey: Guid(322e1f2af83db214ba171bc2f30767ec) Importer(815301076,1909f56bfc062723c751e8b465ee728b)
Start importing Assets/Resources/Assets/Dialogues/Thirdlevel/ThirdLevelStaircase 1.asset using Guid(322e1f2af83db214ba171bc2f30767ec) Importer(815301076,1909f56bfc062723c751e8b465ee728b)  -> (artifact id: '053f6702f871c0f3f941951cd12d9a8c') in 0.023178 seconds
  Import took 0.028074 seconds .

========================================================================
Received Import Request.
  Time since last request: 5.682667 seconds.
  path: Assets/Resources/Assets/Dialogues/Thirdlevel/ThirdLevelStaircaseNo.asset
  artifactKey: Guid(322e1f2af83db214ba171bc2f30767ec) Importer(815301076,1909f56bfc062723c751e8b465ee728b)
Start importing Assets/Resources/Assets/Dialogues/Thirdlevel/ThirdLevelStaircaseNo.asset using Guid(322e1f2af83db214ba171bc2f30767ec) Importer(815301076,1909f56bfc062723c751e8b465ee728b)  -> (artifact id: '6966df233c5842d6f6a891140624fd2e') in 0.010612 seconds
  Import took 0.014806 seconds .

========================================================================
Received Import Request.
  Time since last request: 44.369393 seconds.
  path: Assets/Resources/Assets/Dialogues/Thirdlevel/ThirdLevelStaircaseNo.asset
  artifactKey: Guid(322e1f2af83db214ba171bc2f30767ec) Importer(815301076,1909f56bfc062723c751e8b465ee728b)
Start importing Assets/Resources/Assets/Dialogues/Thirdlevel/ThirdLevelStaircaseNo.asset using Guid(322e1f2af83db214ba171bc2f30767ec) Importer(815301076,1909f56bfc062723c751e8b465ee728b)  -> (artifact id: '7d0e59a41dc8be735e4b4b22fe46baf6') in 0.005008 seconds
  Import took 0.011331 seconds .

========================================================================
Received Prepare
Registering precompiled user dll's ...
Registered in 0.001080 seconds.
Begin MonoManager ReloadAssembly
Native extension for WindowsStandalone target not found
Refreshing native plugins compatible for Editor in 0.62 ms, found 1 plugins.
Preloading 0 native plugins for Editor in 0.00 ms.
Mono: successfully reloaded assembly
- Completed reload, in  0.929 seconds
Platform modules already initialized, skipping
Refreshing native plugins compatible for Editor in 0.38 ms, found 1 plugins.
Preloading 0 native plugins for Editor in 0.00 ms.
Unloading 1936 Unused Serialized files (Serialized files now loaded: 0)
System memory in use before: 96.7 MB.
System memory in use after: 96.7 MB.

Unloading 12 unused Assets to reduce memory usage. Loaded Objects now: 2597.
Total: 2.755900 ms (FindLiveObjects: 0.381100 ms CreateObjectMapping: 0.159400 ms MarkObjects: 2.104400 ms  DeleteObjects: 0.109300 ms)

========================================================================
Received Import Request.
  Time since last request: 478.478857 seconds.
  path: Assets/Resources/Prefabs/Objects/Staircase.prefab
  artifactKey: Guid(eb54783e53bff444cbc39243f5b4808a) Importer(815301076,1909f56bfc062723c751e8b465ee728b)
Start importing Assets/Resources/Prefabs/Objects/Staircase.prefab using Guid(eb54783e53bff444cbc39243f5b4808a) Importer(815301076,1909f56bfc062723c751e8b465ee728b)  -> (artifact id: 'bb55b92bcc8bfea93f3c68c1e59ac494') in 0.079851 seconds
  Import took 0.085301 seconds .

========================================================================
Received Prepare
Refreshing native plugins compatible for Editor in 2.01 ms, found 1 plugins.
Preloading 0 native plugins for Editor in 0.00 ms.
Unloading 10 Unused Serialized files (Serialized files now loaded: 0)
System memory in use before: 58.7 MB.
System memory in use after: 58.7 MB.

Unloading 10 unused Assets to reduce memory usage. Loaded Objects now: 2598.
Total: 2.981600 ms (FindLiveObjects: 0.204900 ms CreateObjectMapping: 0.080300 ms MarkObjects: 2.560400 ms  DeleteObjects: 0.134400 ms)

========================================================================
Received Import Request.
  Time since last request: 259.702765 seconds.
  path: Assets/Resources/Assets/Sprites/Levels/2/structure.png
  artifactKey: Guid(51771dfcee8bbbc49a7a5ca27252d2cb) Importer(815301076,1909f56bfc062723c751e8b465ee728b)
Start importing Assets/Resources/Assets/Sprites/Levels/2/structure.png using Guid(51771dfcee8bbbc49a7a5ca27252d2cb) Importer(815301076,1909f56bfc062723c751e8b465ee728b)  -> (artifact id: '0c26a4fcc85697f64c15b9c524106995') in 0.042772 seconds
  Import took 0.047021 seconds .

========================================================================
Received Import Request.
  Time since last request: 0.000319 seconds.
  path: Assets/Resources/Assets/Sprites/Levels/3-1/structure.png
  artifactKey: Guid(27909db0c4969a941833548689c07cf4) Importer(815301076,1909f56bfc062723c751e8b465ee728b)
Start importing Assets/Resources/Assets/Sprites/Levels/3-1/structure.png using Guid(27909db0c4969a941833548689c07cf4) Importer(815301076,1909f56bfc062723c751e8b465ee728b)  -> (artifact id: '10c6ac0e725b41aba1bdc8c6cc1b0755') in 0.019538 seconds
  Import took 0.060227 seconds .

========================================================================
Received Import Request.
  Time since last request: 8.142612 seconds.
  path: Assets/Resources/Assets/Dialogues/Thirdlevel/ThirdLevelStaircaseNo.asset
  artifactKey: Guid(322e1f2af83db214ba171bc2f30767ec) Importer(815301076,1909f56bfc062723c751e8b465ee728b)
Start importing Assets/Resources/Assets/Dialogues/Thirdlevel/ThirdLevelStaircaseNo.asset using Guid(322e1f2af83db214ba171bc2f30767ec) Importer(815301076,1909f56bfc062723c751e8b465ee728b)  -> (artifact id: '8598fa2501e46c3f8c6740dec615bad4') in 0.005947 seconds
  Import took 0.010131 seconds .

========================================================================
Received Prepare
Refreshing native plugins compatible for Editor in 2.80 ms, found 1 plugins.
Preloading 0 native plugins for Editor in 0.00 ms.
Unloading 10 Unused Serialized files (Serialized files now loaded: 0)
System memory in use before: 58.8 MB.
System memory in use after: 58.8 MB.

Unloading 10 unused Assets to reduce memory usage. Loaded Objects now: 2602.
Total: 6.576300 ms (FindLiveObjects: 0.455700 ms CreateObjectMapping: 0.190500 ms MarkObjects: 5.697700 ms  DeleteObjects: 0.229200 ms)

========================================================================
Received Import Request.
  Time since last request: 2082.866112 seconds.
  path: Assets/Scenes/Levels/ThirdLevel.unity
  artifactKey: Guid(0687f94245f2b834987d869626d549ae) Importer(815301076,1909f56bfc062723c751e8b465ee728b)
Start importing Assets/Scenes/Levels/ThirdLevel.unity using Guid(0687f94245f2b834987d869626d549ae) Importer(815301076,1909f56bfc062723c751e8b465ee728b)  -> (artifact id: '67433fab1b787d47f5e1ceb68db23987') in 0.008093 seconds
  Import took 0.012416 seconds .

========================================================================
Received Import Request.
  Time since last request: 7.042331 seconds.
  path: Assets/Resources/Prefabs/Collectables/RifleCollectable.prefab
  artifactKey: Guid(b72d3efd0fb196941b00022b4099fab8) Importer(815301076,1909f56bfc062723c751e8b465ee728b)
Start importing Assets/Resources/Prefabs/Collectables/RifleCollectable.prefab using Guid(b72d3efd0fb196941b00022b4099fab8) Importer(815301076,1909f56bfc062723c751e8b465ee728b)  -> (artifact id: '87145395dd8a0da45dee76589a00adb4') in 0.015884 seconds
  Import took 0.036107 seconds .

========================================================================
Received Import Request.
  Time since last request: 0.002154 seconds.
  path: Assets/Resources/Prefabs/Collectables/RifleCollectable.prefab
  artifactKey: Guid(b72d3efd0fb196941b00022b4099fab8) Importer(815301076,1909f56bfc062723c751e8b465ee728b)
Start importing Assets/Resources/Prefabs/Collectables/RifleCollectable.prefab using Guid(b72d3efd0fb196941b00022b4099fab8) Importer(815301076,1909f56bfc062723c751e8b465ee728b)  -> (artifact id: '87145395dd8a0da45dee76589a00adb4') in 0.018403 seconds
  Import took 0.023038 seconds .

========================================================================
Received Import Request.
  Time since last request: 167.871795 seconds.
  path: Assets/Scenes/Levels/ThirdOneLevel.unity
  artifactKey: Guid(a5b356737a4d46f408354a959ce4d2fd) Importer(815301076,1909f56bfc062723c751e8b465ee728b)
Start importing Assets/Scenes/Levels/ThirdOneLevel.unity using Guid(a5b356737a4d46f408354a959ce4d2fd) Importer(815301076,1909f56bfc062723c751e8b465ee728b)  -> (artifact id: 'fdb854f461bc13109b09080b13120bbc') in 0.008902 seconds
  Import took 0.012420 seconds .

========================================================================
Received Import Request.
  Time since last request: 148.892256 seconds.
  path: Assets/Resources/Assets/Dialogues/Thirdlevel/1-2/ThirdOneLevel 1.asset
  artifactKey: Guid(3f4999d7cdfeba445a1baa43e5365b27) Importer(815301076,1909f56bfc062723c751e8b465ee728b)
Start importing Assets/Resources/Assets/Dialogues/Thirdlevel/1-2/ThirdOneLevel 1.asset using Guid(3f4999d7cdfeba445a1baa43e5365b27) Importer(815301076,1909f56bfc062723c751e8b465ee728b)  -> (artifact id: '412151d7f6d367f58834a905dd00d34c') in 0.010952 seconds
  Import took 0.015578 seconds .

========================================================================
Received Import Request.
  Time since last request: 0.001294 seconds.
  path: Assets/Resources/Assets/Dialogues/Thirdlevel/1-2/ThirdOneLevel 1.asset
  artifactKey: Guid(3f4999d7cdfeba445a1baa43e5365b27) Importer(815301076,1909f56bfc062723c751e8b465ee728b)
Start importing Assets/Resources/Assets/Dialogues/Thirdlevel/1-2/ThirdOneLevel 1.asset using Guid(3f4999d7cdfeba445a1baa43e5365b27) Importer(815301076,1909f56bfc062723c751e8b465ee728b)  -> (artifact id: '412151d7f6d367f58834a905dd00d34c') in 0.005544 seconds
  Import took 0.009376 seconds .

========================================================================
Received Import Request.
  Time since last request: 12.885339 seconds.
  path: Assets/Resources/Assets/Sprites/Levels/3-1/ground.png
  artifactKey: Guid(5213360dc92a116449aa226c911132ad) Importer(815301076,1909f56bfc062723c751e8b465ee728b)
Start importing Assets/Resources/Assets/Sprites/Levels/3-1/ground.png using Guid(5213360dc92a116449aa226c911132ad) Importer(815301076,1909f56bfc062723c751e8b465ee728b)  -> (artifact id: '6995474c1df94c323a277951432db968') in 0.023147 seconds
  Import took 0.031919 seconds .

========================================================================
Received Import Request.
  Time since last request: 0.001126 seconds.
  path: Assets/Resources/Assets/Sprites/Levels/2/ground.png
  artifactKey: Guid(738158a86d52f234d94ff035c12e91cb) Importer(815301076,1909f56bfc062723c751e8b465ee728b)
Start importing Assets/Resources/Assets/Sprites/Levels/2/ground.png using Guid(738158a86d52f234d94ff035c12e91cb) Importer(815301076,1909f56bfc062723c751e8b465ee728b)  -> (artifact id: '048d5cb20205fd8f32cc55c3aa2f8513') in 0.024146 seconds
  Import took 0.032607 seconds .

========================================================================
Received Import Request.
  Time since last request: 0.000578 seconds.
  path: Assets/Resources/Assets/Sprites/Levels/3-1/ground.png
  artifactKey: Guid(5213360dc92a116449aa226c911132ad) Importer(815301076,1909f56bfc062723c751e8b465ee728b)
Start importing Assets/Resources/Assets/Sprites/Levels/3-1/ground.png using Guid(5213360dc92a116449aa226c911132ad) Importer(815301076,1909f56bfc062723c751e8b465ee728b)  -> (artifact id: '6995474c1df94c323a277951432db968') in 0.020352 seconds
  Import took 0.026796 seconds .

========================================================================
Received Import Request.
  Time since last request: 0.018974 seconds.
  path: Assets/Resources/Assets/Sprites/Levels/2/ground.png
  artifactKey: Guid(738158a86d52f234d94ff035c12e91cb) Importer(815301076,1909f56bfc062723c751e8b465ee728b)
Start importing Assets/Resources/Assets/Sprites/Levels/2/ground.png using Guid(738158a86d52f234d94ff035c12e91cb) Importer(815301076,1909f56bfc062723c751e8b465ee728b)  -> (artifact id: '048d5cb20205fd8f32cc55c3aa2f8513') in 0.017606 seconds
  Import took 0.023922 seconds .

========================================================================
Received Import Request.
  Time since last request: 14.874239 seconds.
  path: Assets/Resources/Assets/Dialogues/Thirdlevel/1-2/HatRatNoKills.asset
  artifactKey: Guid(3f4999d7cdfeba445a1baa43e5365b27) Importer(815301076,1909f56bfc062723c751e8b465ee728b)
Start importing Assets/Resources/Assets/Dialogues/Thirdlevel/1-2/HatRatNoKills.asset using Guid(3f4999d7cdfeba445a1baa43e5365b27) Importer(815301076,1909f56bfc062723c751e8b465ee728b)  -> (artifact id: 'e90dbcb05d1ddb8989daa98050544f5d') in 0.010355 seconds
  Import took 0.014993 seconds .

========================================================================
Received Import Request.
  Time since last request: 70.257970 seconds.
  path: Assets/Resources/Assets/Dialogues/Thirdlevel/1-2/HatRatNoKills.asset
  artifactKey: Guid(3f4999d7cdfeba445a1baa43e5365b27) Importer(815301076,1909f56bfc062723c751e8b465ee728b)
Start importing Assets/Resources/Assets/Dialogues/Thirdlevel/1-2/HatRatNoKills.asset using Guid(3f4999d7cdfeba445a1baa43e5365b27) Importer(815301076,1909f56bfc062723c751e8b465ee728b)  -> (artifact id: 'dfc282f3f8d833697988f84a7f70a7e6') in 0.004604 seconds
  Import took 0.009520 seconds .

========================================================================
Received Import Request.
  Time since last request: 7.539217 seconds.
  path: Assets/Resources/Assets/Dialogues/Thirdlevel/1-2/HatRatNoKills 1.asset
  artifactKey: Guid(fd00c7072a7026b4b8739909e159b984) Importer(815301076,1909f56bfc062723c751e8b465ee728b)
Start importing Assets/Resources/Assets/Dialogues/Thirdlevel/1-2/HatRatNoKills 1.asset using Guid(fd00c7072a7026b4b8739909e159b984) Importer(815301076,1909f56bfc062723c751e8b465ee728b)  -> (artifact id: 'e40532464cf31174a32bf2a56c316d96') in 0.008897 seconds
  Import took 0.013394 seconds .

========================================================================
Received Import Request.
  Time since last request: 11.085899 seconds.
  path: Assets/Resources/Assets/Dialogues/Thirdlevel/1-2/HatRatKilled.asset
  artifactKey: Guid(fd00c7072a7026b4b8739909e159b984) Importer(815301076,1909f56bfc062723c751e8b465ee728b)
Start importing Assets/Resources/Assets/Dialogues/Thirdlevel/1-2/HatRatKilled.asset using Guid(fd00c7072a7026b4b8739909e159b984) Importer(815301076,1909f56bfc062723c751e8b465ee728b)  -> (artifact id: '2d440e70da6407f672f16724a2ee8e4a') in 0.009784 seconds
  Import took 0.014967 seconds .

========================================================================
Received Import Request.
  Time since last request: 80.490755 seconds.
  path: Assets/Resources/Assets/Dialogues/Thirdlevel/1-2/HatRatKilled.asset
  artifactKey: Guid(fd00c7072a7026b4b8739909e159b984) Importer(815301076,1909f56bfc062723c751e8b465ee728b)
Start importing Assets/Resources/Assets/Dialogues/Thirdlevel/1-2/HatRatKilled.asset using Guid(fd00c7072a7026b4b8739909e159b984) Importer(815301076,1909f56bfc062723c751e8b465ee728b)  -> (artifact id: '574fa2a5583746e9cd98223977cfa6b2') in 0.005076 seconds
  Import took 0.010634 seconds .

========================================================================
Received Import Request.
  Time since last request: 0.000303 seconds.
  path: Assets/Resources/Assets/Dialogues/Thirdlevel/1-2/HatRatNoKills 1.asset
  artifactKey: Guid(9cd3e1593e9654d47850968a199ec336) Importer(815301076,1909f56bfc062723c751e8b465ee728b)
Start importing Assets/Resources/Assets/Dialogues/Thirdlevel/1-2/HatRatNoKills 1.asset using Guid(9cd3e1593e9654d47850968a199ec336) Importer(815301076,1909f56bfc062723c751e8b465ee728b)  -> (artifact id: '12552e91e91b0319d41f140dda72edae') in 0.004504 seconds
  Import took 0.009391 seconds .

========================================================================
Received Import Request.
  Time since last request: 7.625943 seconds.
  path: Assets/Resources/Assets/Dialogues/Thirdlevel/1-2/HatRatYesKills.asset
  artifactKey: Guid(9cd3e1593e9654d47850968a199ec336) Importer(815301076,1909f56bfc062723c751e8b465ee728b)
Start importing Assets/Resources/Assets/Dialogues/Thirdlevel/1-2/HatRatYesKills.asset using Guid(9cd3e1593e9654d47850968a199ec336) Importer(815301076,1909f56bfc062723c751e8b465ee728b)  -> (artifact id: '9dd893cbc5b40140a1991b8c289da076') in 0.009995 seconds
  Import took 0.014814 seconds .

========================================================================
Received Import Request.
  Time since last request: 234.192562 seconds.
  path: Assets/Resources/Assets/Dialogues/Thirdlevel/1-2/HatRatYesKills.asset
  artifactKey: Guid(9cd3e1593e9654d47850968a199ec336) Importer(815301076,1909f56bfc062723c751e8b465ee728b)
Start importing Assets/Resources/Assets/Dialogues/Thirdlevel/1-2/HatRatYesKills.asset using Guid(9cd3e1593e9654d47850968a199ec336) Importer(815301076,1909f56bfc062723c751e8b465ee728b)  -> (artifact id: 'ae82ae1306c9bb0cb18f68ace362a21c') in 0.005941 seconds
  Import took 0.049081 seconds .

========================================================================
Received Prepare
Registering precompiled user dll's ...
Registered in 0.001426 seconds.
Begin MonoManager ReloadAssembly
Native extension for WindowsStandalone target not found
Refreshing native plugins compatible for Editor in 1.27 ms, found 1 plugins.
Preloading 0 native plugins for Editor in 0.00 ms.
Mono: successfully reloaded assembly
- Completed reload, in  1.706 seconds
Platform modules already initialized, skipping
Refreshing native plugins compatible for Editor in 0.55 ms, found 1 plugins.
Preloading 0 native plugins for Editor in 0.00 ms.
Unloading 1936 Unused Serialized files (Serialized files now loaded: 0)
System memory in use before: 96.8 MB.
System memory in use after: 96.8 MB.

Unloading 12 unused Assets to reduce memory usage. Loaded Objects now: 2606.
Total: 2.447000 ms (FindLiveObjects: 0.249900 ms CreateObjectMapping: 0.073400 ms MarkObjects: 1.992800 ms  DeleteObjects: 0.130000 ms)

========================================================================
Received Prepare
Registering precompiled user dll's ...
Registered in 0.001062 seconds.
Begin MonoManager ReloadAssembly
Native extension for WindowsStandalone target not found
Refreshing native plugins compatible for Editor in 0.44 ms, found 1 plugins.
Preloading 0 native plugins for Editor in 0.00 ms.
Mono: successfully reloaded assembly
- Completed reload, in  1.122 seconds
Platform modules already initialized, skipping
Refreshing native plugins compatible for Editor in 0.42 ms, found 1 plugins.
Preloading 0 native plugins for Editor in 0.00 ms.
Unloading 1936 Unused Serialized files (Serialized files now loaded: 0)
System memory in use before: 96.8 MB.
System memory in use after: 96.8 MB.

Unloading 12 unused Assets to reduce memory usage. Loaded Objects now: 2610.
Total: 2.474300 ms (FindLiveObjects: 0.204800 ms CreateObjectMapping: 0.074900 ms MarkObjects: 2.078800 ms  DeleteObjects: 0.114800 ms)

========================================================================
Received Import Request.
  Time since last request: 4488.659308 seconds.
  path: Assets/Resources/Assets/Sprites/Levels/4-1
  artifactKey: Guid(1db0956a6923cf64b9f9c9854dc98a10) Importer(815301076,1909f56bfc062723c751e8b465ee728b)
Start importing Assets/Resources/Assets/Sprites/Levels/4-1 using Guid(1db0956a6923cf64b9f9c9854dc98a10) Importer(815301076,1909f56bfc062723c751e8b465ee728b)  -> (artifact id: '8dac079137bcc901a39233f5e8c28ddc') in 0.019353 seconds
  Import took 0.027954 seconds .

========================================================================
Received Import Request.
  Time since last request: 0.002554 seconds.
  path: Assets/Resources/Assets/Sprites/Levels/4-1/stuff.png
  artifactKey: Guid(a4198907d56de2f4bb43fdafdeb59907) Importer(815301076,1909f56bfc062723c751e8b465ee728b)
Start importing Assets/Resources/Assets/Sprites/Levels/4-1/stuff.png using Guid(a4198907d56de2f4bb43fdafdeb59907) Importer(815301076,1909f56bfc062723c751e8b465ee728b)  -> (artifact id: '2c8ca2962ac4aba2330e2863b7af5054') in 0.152191 seconds
  Import took 0.161214 seconds .

========================================================================
Received Import Request.
  Time since last request: 0.000324 seconds.
  path: Assets/Resources/Assets/Sprites/Levels/4-1/structures.png
  artifactKey: Guid(8372c671a4be4064a9e077ccf12fad92) Importer(815301076,1909f56bfc062723c751e8b465ee728b)
Start importing Assets/Resources/Assets/Sprites/Levels/4-1/structures.png using Guid(8372c671a4be4064a9e077ccf12fad92) Importer(815301076,1909f56bfc062723c751e8b465ee728b)  -> (artifact id: 'abfbcddc195791ca4207969bfa37b70a') in 0.039801 seconds
  Import took 0.065799 seconds .

========================================================================
Received Import Request.
  Time since last request: 0.001603 seconds.
  path: Assets/Resources/Assets/Sprites/Levels/4-1/ground.png
  artifactKey: Guid(331ed92ca1e11c241bfae726f147f3db) Importer(815301076,1909f56bfc062723c751e8b465ee728b)
Start importing Assets/Resources/Assets/Sprites/Levels/4-1/ground.png using Guid(331ed92ca1e11c241bfae726f147f3db) Importer(815301076,1909f56bfc062723c751e8b465ee728b)  -> (artifact id: '39e0e4b5234c8816871f4cb040b211ec') in 0.061851 seconds
  Import took 0.078446 seconds .

========================================================================
Received Import Request.
  Time since last request: 0.024073 seconds.
  path: Assets/Resources/Assets/Sprites/Levels/4-1/ground.png
  artifactKey: Guid(331ed92ca1e11c241bfae726f147f3db) Importer(815301076,1909f56bfc062723c751e8b465ee728b)
Start importing Assets/Resources/Assets/Sprites/Levels/4-1/ground.png using Guid(331ed92ca1e11c241bfae726f147f3db) Importer(815301076,1909f56bfc062723c751e8b465ee728b)  -> (artifact id: '39e0e4b5234c8816871f4cb040b211ec') in 0.033488 seconds
  Import took 0.042743 seconds .

========================================================================
Received Import Request.
  Time since last request: 6.638883 seconds.
  path: Assets/Resources/Assets/Sprites/Levels/4-1/ground.png
  artifactKey: Guid(331ed92ca1e11c241bfae726f147f3db) Importer(815301076,1909f56bfc062723c751e8b465ee728b)
Start importing Assets/Resources/Assets/Sprites/Levels/4-1/ground.png using Guid(331ed92ca1e11c241bfae726f147f3db) Importer(815301076,1909f56bfc062723c751e8b465ee728b)  -> (artifact id: 'f69c109ba31e1138b70a2d3e007b0189') in 0.069030 seconds
  Import took 0.083635 seconds .

========================================================================
Received Import Request.
  Time since last request: 0.000374 seconds.
  path: Assets/Resources/Assets/Sprites/Levels/4-1/stuff.png
  artifactKey: Guid(a4198907d56de2f4bb43fdafdeb59907) Importer(815301076,1909f56bfc062723c751e8b465ee728b)
Start importing Assets/Resources/Assets/Sprites/Levels/4-1/stuff.png using Guid(a4198907d56de2f4bb43fdafdeb59907) Importer(815301076,1909f56bfc062723c751e8b465ee728b)  -> (artifact id: '5f1b3f3fe9f2b9fa69bd20cc663bc80c') in 0.144920 seconds
  Import took 0.161619 seconds .

========================================================================
Received Import Request.
  Time since last request: 0.000809 seconds.
  path: Assets/Resources/Assets/Sprites/Levels/4-1/structures.png
  artifactKey: Guid(8372c671a4be4064a9e077ccf12fad92) Importer(815301076,1909f56bfc062723c751e8b465ee728b)
Start importing Assets/Resources/Assets/Sprites/Levels/4-1/structures.png using Guid(8372c671a4be4064a9e077ccf12fad92) Importer(815301076,1909f56bfc062723c751e8b465ee728b)  -> (artifact id: '1a6d9168da0ad6e42c3b62abf846de71') in 0.087629 seconds
  Import took 0.108503 seconds .

========================================================================
Received Import Request.
  Time since last request: 0.000558 seconds.
  path: Assets/Resources/Assets/Sprites/Levels/4-1/ground.png
  artifactKey: Guid(331ed92ca1e11c241bfae726f147f3db) Importer(815301076,1909f56bfc062723c751e8b465ee728b)
Start importing Assets/Resources/Assets/Sprites/Levels/4-1/ground.png using Guid(331ed92ca1e11c241bfae726f147f3db) Importer(815301076,1909f56bfc062723c751e8b465ee728b)  -> (artifact id: 'f69c109ba31e1138b70a2d3e007b0189') in 0.070224 seconds
  Import took 0.089388 seconds .

========================================================================
Received Import Request.
  Time since last request: 1.855523 seconds.
  path: Assets/Resources/Assets/Sprites/Levels/4-2
  artifactKey: Guid(c1652165e60d4ff4da8190d1cb9692b8) Importer(815301076,1909f56bfc062723c751e8b465ee728b)
Start importing Assets/Resources/Assets/Sprites/Levels/4-2 using Guid(c1652165e60d4ff4da8190d1cb9692b8) Importer(815301076,1909f56bfc062723c751e8b465ee728b)  -> (artifact id: '594277a3319b6a02c4fdbe0092bb2fb5') in 0.016021 seconds
  Import took 0.060150 seconds .

========================================================================
Received Import Request.
  Time since last request: 0.000436 seconds.
  path: Assets/Resources/Assets/Sprites/Levels/4-2/structures.png
  artifactKey: Guid(3976b6e669d2ce74cb2ddd40a1af9aaf) Importer(815301076,1909f56bfc062723c751e8b465ee728b)
Start importing Assets/Resources/Assets/Sprites/Levels/4-2/structures.png using Guid(3976b6e669d2ce74cb2ddd40a1af9aaf) Importer(815301076,1909f56bfc062723c751e8b465ee728b)  -> (artifact id: 'd32e5a61f99861f45285a1ecf0d52d4b') in 0.048617 seconds
  Import took 0.056729 seconds .

========================================================================
Received Import Request.
  Time since last request: 0.000329 seconds.
  path: Assets/Resources/Assets/Sprites/Levels/4-2/ground.png
  artifactKey: Guid(a5457b94a8b2c6a4da248f09fdbe781c) Importer(815301076,1909f56bfc062723c751e8b465ee728b)
Start importing Assets/Resources/Assets/Sprites/Levels/4-2/ground.png using Guid(a5457b94a8b2c6a4da248f09fdbe781c) Importer(815301076,1909f56bfc062723c751e8b465ee728b)  -> (artifact id: 'a8a5c22fdfb88d1b1498ce9be5f827ef') in 0.067213 seconds
  Import took 0.080106 seconds .

========================================================================
Received Import Request.
  Time since last request: 0.000285 seconds.
  path: Assets/Resources/Assets/Sprites/Levels/4-2/objects.png
  artifactKey: Guid(4f8b30acebeccb54facd38ad8afc9a3a) Importer(815301076,1909f56bfc062723c751e8b465ee728b)
Start importing Assets/Resources/Assets/Sprites/Levels/4-2/objects.png using Guid(4f8b30acebeccb54facd38ad8afc9a3a) Importer(815301076,1909f56bfc062723c751e8b465ee728b)  -> (artifact id: '25c5203c175094b3b915675278d5755d') in 0.044979 seconds
  Import took 0.055470 seconds .

========================================================================
Received Import Request.
  Time since last request: 9.070413 seconds.
  path: Assets/Resources/Assets/Sprites/Levels/4-2/ground.png
  artifactKey: Guid(a5457b94a8b2c6a4da248f09fdbe781c) Importer(815301076,1909f56bfc062723c751e8b465ee728b)
Start importing Assets/Resources/Assets/Sprites/Levels/4-2/ground.png using Guid(a5457b94a8b2c6a4da248f09fdbe781c) Importer(815301076,1909f56bfc062723c751e8b465ee728b)  -> (artifact id: '1731fd29693db2187363085ed9539f14') in 0.047257 seconds
  Import took 0.067014 seconds .

========================================================================
Received Import Request.
  Time since last request: 0.003069 seconds.
  path: Assets/Resources/Assets/Sprites/Levels/4-2/structures.png
  artifactKey: Guid(3976b6e669d2ce74cb2ddd40a1af9aaf) Importer(815301076,1909f56bfc062723c751e8b465ee728b)
Start importing Assets/Resources/Assets/Sprites/Levels/4-2/structures.png using Guid(3976b6e669d2ce74cb2ddd40a1af9aaf) Importer(815301076,1909f56bfc062723c751e8b465ee728b)  -> (artifact id: '984000c4395d4d976f3ad97bb690618c') in 0.052817 seconds
  Import took 0.073692 seconds .

========================================================================
Received Import Request.
  Time since last request: 0.000281 seconds.
  path: Assets/Resources/Assets/Sprites/Levels/4-2/objects.png
  artifactKey: Guid(4f8b30acebeccb54facd38ad8afc9a3a) Importer(815301076,1909f56bfc062723c751e8b465ee728b)
Start importing Assets/Resources/Assets/Sprites/Levels/4-2/objects.png using Guid(4f8b30acebeccb54facd38ad8afc9a3a) Importer(815301076,1909f56bfc062723c751e8b465ee728b)  -> (artifact id: '8cb8df5d85608d0ab388c3f827a17efe') in 0.075231 seconds
  Import took 0.091513 seconds .

========================================================================
Received Import Request.
  Time since last request: 1.682031 seconds.
  path: Assets/Resources/Assets/Sprites/Levels/5-1
  artifactKey: Guid(b3a356f9e9a122648929d04972e734e6) Importer(815301076,1909f56bfc062723c751e8b465ee728b)
Start importing Assets/Resources/Assets/Sprites/Levels/5-1 using Guid(b3a356f9e9a122648929d04972e734e6) Importer(815301076,1909f56bfc062723c751e8b465ee728b)  -> (artifact id: '429212bc31045c13121f04c4a14ef09e') in 0.015313 seconds
  Import took 0.025834 seconds .

========================================================================
Received Import Request.
  Time since last request: 0.002617 seconds.
  path: Assets/Resources/Assets/Sprites/Levels/5-1/ground.png
  artifactKey: Guid(65f358dd506cb1141b2795cbc688577f) Importer(815301076,1909f56bfc062723c751e8b465ee728b)
Start importing Assets/Resources/Assets/Sprites/Levels/5-1/ground.png using Guid(65f358dd506cb1141b2795cbc688577f) Importer(815301076,1909f56bfc062723c751e8b465ee728b)  -> (artifact id: '9842332e8872a662d8f0c8af9739dfaf') in 0.057477 seconds
  Import took 0.065998 seconds .

========================================================================
Received Import Request.
  Time since last request: 0.000258 seconds.
  path: Assets/Resources/Assets/Sprites/Levels/5-1/structures.png
  artifactKey: Guid(2f023247c71e1e048a54474c58c7b91e) Importer(815301076,1909f56bfc062723c751e8b465ee728b)
Start importing Assets/Resources/Assets/Sprites/Levels/5-1/structures.png using Guid(2f023247c71e1e048a54474c58c7b91e) Importer(815301076,1909f56bfc062723c751e8b465ee728b)  -> (artifact id: '4911a2bae74c818572f521745abea150') in 0.078707 seconds
  Import took 0.087418 seconds .

========================================================================
Received Import Request.
  Time since last request: 7.789068 seconds.
  path: Assets/Resources/Assets/Sprites/Levels/5-1/ground.png
  artifactKey: Guid(65f358dd506cb1141b2795cbc688577f) Importer(815301076,1909f56bfc062723c751e8b465ee728b)
Start importing Assets/Resources/Assets/Sprites/Levels/5-1/ground.png using Guid(65f358dd506cb1141b2795cbc688577f) Importer(815301076,1909f56bfc062723c751e8b465ee728b)  -> (artifact id: 'cfc2e8997395cc3e18d86ebe89799f53') in 0.129890 seconds
  Import took 0.143935 seconds .

========================================================================
Received Import Request.
  Time since last request: 0.000401 seconds.
  path: Assets/Resources/Assets/Sprites/Levels/5-1/structures.png
  artifactKey: Guid(2f023247c71e1e048a54474c58c7b91e) Importer(815301076,1909f56bfc062723c751e8b465ee728b)
Start importing Assets/Resources/Assets/Sprites/Levels/5-1/structures.png using Guid(2f023247c71e1e048a54474c58c7b91e) Importer(815301076,1909f56bfc062723c751e8b465ee728b)  -> (artifact id: '8e53f34f172bdc5264a8136508f53344') in 0.058143 seconds
  Import took 0.072251 seconds .

========================================================================
Received Import Request.
  Time since last request: 1.677239 seconds.
  path: Assets/Resources/Assets/Sprites/Levels/5-2
  artifactKey: Guid(69174ad1e25559840a40082c84da44c7) Importer(815301076,1909f56bfc062723c751e8b465ee728b)
Start importing Assets/Resources/Assets/Sprites/Levels/5-2 using Guid(69174ad1e25559840a40082c84da44c7) Importer(815301076,1909f56bfc062723c751e8b465ee728b)  -> (artifact id: 'ac2fbf5fbffdf542bf329c195aa1e87f') in 0.018648 seconds
  Import took 0.025854 seconds .

========================================================================
Received Import Request.
  Time since last request: 0.067558 seconds.
  path: Assets/Resources/Assets/Sprites/Levels/5-2/ground.png
  artifactKey: Guid(de4f1f9384458374a8d7cbfd01874c43) Importer(815301076,1909f56bfc062723c751e8b465ee728b)
Start importing Assets/Resources/Assets/Sprites/Levels/5-2/ground.png using Guid(de4f1f9384458374a8d7cbfd01874c43) Importer(815301076,1909f56bfc062723c751e8b465ee728b)  -> (artifact id: '22a2257de1a43e811f5550fa6825bd65') in 0.023251 seconds
  Import took 0.065744 seconds .

========================================================================
Received Import Request.
  Time since last request: 0.000215 seconds.
  path: Assets/Resources/Assets/Sprites/Levels/5-2/structures.png
  artifactKey: Guid(6138f8978e088db46944e4018ba21bcc) Importer(815301076,1909f56bfc062723c751e8b465ee728b)
Start importing Assets/Resources/Assets/Sprites/Levels/5-2/structures.png using Guid(6138f8978e088db46944e4018ba21bcc) Importer(815301076,1909f56bfc062723c751e8b465ee728b)  -> (artifact id: 'b936b66c534ed4f5dcdc90b4cbb18bfc') in 0.055682 seconds
  Import took 0.062485 seconds .

========================================================================
Received Import Request.
  Time since last request: 0.002173 seconds.
  path: Assets/Resources/Assets/Sprites/Levels/5-2/structures.png
  artifactKey: Guid(6138f8978e088db46944e4018ba21bcc) Importer(815301076,1909f56bfc062723c751e8b465ee728b)
Start importing Assets/Resources/Assets/Sprites/Levels/5-2/structures.png using Guid(6138f8978e088db46944e4018ba21bcc) Importer(815301076,1909f56bfc062723c751e8b465ee728b)  -> (artifact id: 'b936b66c534ed4f5dcdc90b4cbb18bfc') in 0.025726 seconds
  Import took 0.031296 seconds .

========================================================================
Received Import Request.
  Time since last request: 6.055178 seconds.
  path: Assets/Resources/Assets/Sprites/Levels/5-2/ground.png
  artifactKey: Guid(de4f1f9384458374a8d7cbfd01874c43) Importer(815301076,1909f56bfc062723c751e8b465ee728b)
Start importing Assets/Resources/Assets/Sprites/Levels/5-2/ground.png using Guid(de4f1f9384458374a8d7cbfd01874c43) Importer(815301076,1909f56bfc062723c751e8b465ee728b)  -> (artifact id: 'bb85ff877be4a0398169c619022649b7') in 0.047652 seconds
  Import took 0.060381 seconds .

========================================================================
Received Import Request.
  Time since last request: 0.001311 seconds.
  path: Assets/Resources/Assets/Sprites/Levels/5-2/structures.png
  artifactKey: Guid(6138f8978e088db46944e4018ba21bcc) Importer(815301076,1909f56bfc062723c751e8b465ee728b)
Start importing Assets/Resources/Assets/Sprites/Levels/5-2/structures.png using Guid(6138f8978e088db46944e4018ba21bcc) Importer(815301076,1909f56bfc062723c751e8b465ee728b)  -> (artifact id: '80b2e924b0fb41f64563ac19f87dbd82') in 0.064359 seconds
  Import took 0.080844 seconds .

